 Catan
 Catan + S-Heading for New Shores
 Catan + S-Heading for New Shores + C&K
 Catan + S-Heading for New Shores + C&K + V-Catan Event Cards
 Catan + S-Heading for New Shores + C&K + V-Catan Event Cards + T&B-The Fishermen of Catan
 Catan + S-Heading for New Shores + C&K + V-Catan Event Cards + T&B-The Fishermen of Catan + T&B-The Rivers of Catan
 Catan + S-Heading for New Shores + C&K + V-Catan Event Cards + T&B-The Fishermen of Catan + T&B-The Caravans
 Catan + S-Heading for New Shores + C&K + V-Catan Event Cards + T&B-The Fishermen of Catan + T&B-Barbarian Attack
 Catan + S-Heading for New Shores + C&K + V-Catan Event Cards + T&B-The Fishermen of Catan + T&B-Traders & Barbarians
 Catan + S-Heading for New Shores + C&K + V-Catan Event Cards + T&B-The Rivers of Catan
 Catan + S-Heading for New Shores + C&K + V-Catan Event Cards + T&B-The Rivers of Catan + T&B-The Caravans
 Catan + S-Heading for New Shores + C&K + V-Catan Event Cards + T&B-The Rivers of Catan + T&B-Barbarian Attack
 Catan + S-Heading for New Shores + C&K + V-Catan Event Cards + T&B-The Rivers of Catan + T&B-Traders & Barbarians
 Catan + S-Heading for New Shores + C&K + V-Catan Event Cards + T&B-The Caravans
 Catan + S-Heading for New Shores + C&K + V-Catan Event Cards + T&B-The Caravans + T&B-Barbarian Attack
 Catan + S-Heading for New Shores + C&K + V-Catan Event Cards + T&B-Barbarian Attack
 Catan + S-Heading for New Shores + C&K + V-Catan Event Cards + T&B-Barbarian Attack + T&B-Traders & Barbarians
 Catan + S-Heading for New Shores + C&K + V-Catan Event Cards + T&B-Traders & Barbarians
 Catan + S-Heading for New Shores + C&K + T&B-The Fishermen of Catan
 Catan + S-Heading for New Shores + C&K + T&B-The Fishermen of Catan + T&B-The Rivers of Catan
 Catan + S-Heading for New Shores + C&K + T&B-The Fishermen of Catan + T&B-The Caravans
 Catan + S-Heading for New Shores + C&K + T&B-The Fishermen of Catan + T&B-Barbarian Attack
 Catan + S-Heading for New Shores + C&K + T&B-The Fishermen of Catan + T&B-Traders & Barbarians
 Catan + S-Heading for New Shores + C&K + T&B-The Rivers of Catan
 Catan + S-Heading for New Shores + C&K + T&B-The Rivers of Catan + T&B-The Caravans
 Catan + S-Heading for New Shores + C&K + T&B-The Rivers of Catan + T&B-Barbarian Attack
 Catan + S-Heading for New Shores + C&K + T&B-The Rivers of Catan + T&B-Traders & Barbarians
 Catan + S-Heading for New Shores + C&K + T&B-The Caravans
 Catan + S-Heading for New Shores + C&K + T&B-The Caravans + T&B-Barbarian Attack
 Catan + S-Heading for New Shores + C&K + T&B-Barbarian Attack
 Catan + S-Heading for New Shores + C&K + T&B-Barbarian Attack + T&B-Traders & Barbarians
 Catan + S-Heading for New Shores + C&K + T&B-Traders & Barbarians
 Catan + S-Heading for New Shores + V-The Friendly Robber
 Catan + S-Heading for New Shores + V-The Friendly Robber + V-Catan Event Cards
 Catan + S-Heading for New Shores + V-The Friendly Robber + V-Catan Event Cards + V-Harbormaster
 Catan + S-Heading for New Shores + V-The Friendly Robber + V-Catan Event Cards + V-Harbormaster + T&B-The Fishermen of Catan
 Catan + S-Heading for New Shores + V-The Friendly Robber + V-Catan Event Cards + V-Harbormaster + T&B-The Fishermen of Catan + T&B-The Rivers of Catan
 Catan + S-Heading for New Shores + V-The Friendly Robber + V-Catan Event Cards + V-Harbormaster + T&B-The Fishermen of Catan + T&B-The Caravans
 Catan + S-Heading for New Shores + V-The Friendly Robber + V-Catan Event Cards + V-Harbormaster + T&B-The Rivers of Catan
 Catan + S-Heading for New Shores + V-The Friendly Robber + V-Catan Event Cards + V-Harbormaster + T&B-The Rivers of Catan + T&B-The Caravans
 Catan + S-Heading for New Shores + V-The Friendly Robber + V-Catan Event Cards + V-Harbormaster + T&B-The Caravans
 Catan + S-Heading for New Shores + V-The Friendly Robber + V-Catan Event Cards + T&B-The Fishermen of Catan
 Catan + S-Heading for New Shores + V-The Friendly Robber + V-Catan Event Cards + T&B-The Fishermen of Catan + T&B-The Rivers of Catan
 Catan + S-Heading for New Shores + V-The Friendly Robber + V-Catan Event Cards + T&B-The Fishermen of Catan + T&B-The Caravans
 Catan + S-Heading for New Shores + V-The Friendly Robber + V-Catan Event Cards + T&B-The Rivers of Catan
 Catan + S-Heading for New Shores + V-The Friendly Robber + V-Catan Event Cards + T&B-The Rivers of Catan + T&B-The Caravans
 Catan + S-Heading for New Shores + V-The Friendly Robber + V-Catan Event Cards + T&B-The Caravans
 Catan + S-Heading for New Shores + V-The Friendly Robber + V-Harbormaster
 Catan + S-Heading for New Shores + V-The Friendly Robber + V-Harbormaster + T&B-The Fishermen of Catan
 Catan + S-Heading for New Shores + V-The Friendly Robber + V-Harbormaster + T&B-The Fishermen of Catan + T&B-The Rivers of Catan
 Catan + S-Heading for New Shores + V-The Friendly Robber + V-Harbormaster + T&B-The Fishermen of Catan + T&B-The Caravans
 Catan + S-Heading for New Shores + V-The Friendly Robber + V-Harbormaster + T&B-The Rivers of Catan
 Catan + S-Heading for New Shores + V-The Friendly Robber + V-Harbormaster + T&B-The Rivers of Catan + T&B-The Caravans
 Catan + S-Heading for New Shores + V-The Friendly Robber + V-Harbormaster + T&B-The Caravans
 Catan + S-Heading for New Shores + V-The Friendly Robber + T&B-The Fishermen of Catan
 Catan + S-Heading for New Shores + V-The Friendly Robber + T&B-The Fishermen of Catan + T&B-The Rivers of Catan
 Catan + S-Heading for New Shores + V-The Friendly Robber + T&B-The Fishermen of Catan + T&B-The Caravans
 Catan + S-Heading for New Shores + V-The Friendly Robber + T&B-The Rivers of Catan
 Catan + S-Heading for New Shores + V-The Friendly Robber + T&B-The Rivers of Catan + T&B-The Caravans
 Catan + S-Heading for New Shores + V-The Friendly Robber + T&B-The Caravans
 Catan + S-Heading for New Shores + V-Catan Event Cards
 Catan + S-Heading for New Shores + V-Catan Event Cards + V-Harbormaster
 Catan + S-Heading for New Shores + V-Catan Event Cards + V-Harbormaster + T&B-The Fishermen of Catan
 Catan + S-Heading for New Shores + V-Catan Event Cards + V-Harbormaster + T&B-The Fishermen of Catan + T&B-The Rivers of Catan
 Catan + S-Heading for New Shores + V-Catan Event Cards + V-Harbormaster + T&B-The Fishermen of Catan + T&B-The Caravans
 Catan + S-Heading for New Shores + V-Catan Event Cards + V-Harbormaster + T&B-The Fishermen of Catan + T&B-Barbarian Attack
 Catan + S-Heading for New Shores + V-Catan Event Cards + V-Harbormaster + T&B-The Fishermen of Catan + T&B-Traders & Barbarians
 Catan + S-Heading for New Shores + V-Catan Event Cards + V-Harbormaster + T&B-The Rivers of Catan
 Catan + S-Heading for New Shores + V-Catan Event Cards + V-Harbormaster + T&B-The Rivers of Catan + T&B-The Caravans
 Catan + S-Heading for New Shores + V-Catan Event Cards + V-Harbormaster + T&B-The Rivers of Catan + T&B-Barbarian Attack
 Catan + S-Heading for New Shores + V-Catan Event Cards + V-Harbormaster + T&B-The Rivers of Catan + T&B-Traders & Barbarians
 Catan + S-Heading for New Shores + V-Catan Event Cards + V-Harbormaster + T&B-The Caravans
 Catan + S-Heading for New Shores + V-Catan Event Cards + V-Harbormaster + T&B-The Caravans + T&B-Barbarian Attack
 Catan + S-Heading for New Shores + V-Catan Event Cards + V-Harbormaster + T&B-Barbarian Attack
 Catan + S-Heading for New Shores + V-Catan Event Cards + V-Harbormaster + T&B-Barbarian Attack + T&B-Traders & Barbarians
 Catan + S-Heading for New Shores + V-Catan Event Cards + V-Harbormaster + T&B-Traders & Barbarians
 Catan + S-Heading for New Shores + V-Catan Event Cards + T&B-The Fishermen of Catan
 Catan + S-Heading for New Shores + V-Catan Event Cards + T&B-The Fishermen of Catan + T&B-The Rivers of Catan
 Catan + S-Heading for New Shores + V-Catan Event Cards + T&B-The Fishermen of Catan + T&B-The Caravans
 Catan + S-Heading for New Shores + V-Catan Event Cards + T&B-The Fishermen of Catan + T&B-Barbarian Attack
 Catan + S-Heading for New Shores + V-Catan Event Cards + T&B-The Fishermen of Catan + T&B-Traders & Barbarians
 Catan + S-Heading for New Shores + V-Catan Event Cards + T&B-The Rivers of Catan
 Catan + S-Heading for New Shores + V-Catan Event Cards + T&B-The Rivers of Catan + T&B-The Caravans
 Catan + S-Heading for New Shores + V-Catan Event Cards + T&B-The Rivers of Catan + T&B-Barbarian Attack
 Catan + S-Heading for New Shores + V-Catan Event Cards + T&B-The Rivers of Catan + T&B-Traders & Barbarians
 Catan + S-Heading for New Shores + V-Catan Event Cards + T&B-The Caravans
 Catan + S-Heading for New Shores + V-Catan Event Cards + T&B-The Caravans + T&B-Barbarian Attack
 Catan + S-Heading for New Shores + V-Catan Event Cards + T&B-Barbarian Attack
 Catan + S-Heading for New Shores + V-Catan Event Cards + T&B-Barbarian Attack + T&B-Traders & Barbarians
 Catan + S-Heading for New Shores + V-Catan Event Cards + T&B-Traders & Barbarians
 Catan + S-Heading for New Shores + V-Harbormaster
 Catan + S-Heading for New Shores + V-Harbormaster + T&B-The Fishermen of Catan
 Catan + S-Heading for New Shores + V-Harbormaster + T&B-The Fishermen of Catan + T&B-The Rivers of Catan
 Catan + S-Heading for New Shores + V-Harbormaster + T&B-The Fishermen of Catan + T&B-The Caravans
 Catan + S-Heading for New Shores + V-Harbormaster + T&B-The Fishermen of Catan + T&B-Barbarian Attack
 Catan + S-Heading for New Shores + V-Harbormaster + T&B-The Fishermen of Catan + T&B-Traders & Barbarians
 Catan + S-Heading for New Shores + V-Harbormaster + T&B-The Rivers of Catan
 Catan + S-Heading for New Shores + V-Harbormaster + T&B-The Rivers of Catan + T&B-The Caravans
 Catan + S-Heading for New Shores + V-Harbormaster + T&B-The Rivers of Catan + T&B-Barbarian Attack
 Catan + S-Heading for New Shores + V-Harbormaster + T&B-The Rivers of Catan + T&B-Traders & Barbarians
 Catan + S-Heading for New Shores + V-Harbormaster + T&B-The Caravans
 Catan + S-Heading for New Shores + V-Harbormaster + T&B-The Caravans + T&B-Barbarian Attack
 Catan + S-Heading for New Shores + V-Harbormaster + T&B-Barbarian Attack
 Catan + S-Heading for New Shores + V-Harbormaster + T&B-Barbarian Attack + T&B-Traders & Barbarians
 Catan + S-Heading for New Shores + V-Harbormaster + T&B-Traders & Barbarians
 Catan + S-Heading for New Shores + T&B-The Fishermen of Catan
 Catan + S-Heading for New Shores + T&B-The Fishermen of Catan + T&B-The Rivers of Catan
 Catan + S-Heading for New Shores + T&B-The Fishermen of Catan + T&B-The Caravans
 Catan + S-Heading for New Shores + T&B-The Fishermen of Catan + T&B-Barbarian Attack
 Catan + S-Heading for New Shores + T&B-The Fishermen of Catan + T&B-Traders & Barbarians
 Catan + S-Heading for New Shores + T&B-The Rivers of Catan
 Catan + S-Heading for New Shores + T&B-The Rivers of Catan + T&B-The Caravans
 Catan + S-Heading for New Shores + T&B-The Rivers of Catan + T&B-Barbarian Attack
 Catan + S-Heading for New Shores + T&B-The Rivers of Catan + T&B-Traders & Barbarians
 Catan + S-Heading for New Shores + T&B-The Caravans
 Catan + S-Heading for New Shores + T&B-The Caravans + T&B-Barbarian Attack
 Catan + S-Heading for New Shores + T&B-Barbarian Attack
 Catan + S-Heading for New Shores + T&B-Barbarian Attack + T&B-Traders & Barbarians
 Catan + S-Heading for New Shores + T&B-Traders & Barbarians
 Catan + S-The Four Islands
 Catan + S-The Four Islands + C&K
 Catan + S-The Four Islands + C&K + V-Catan Event Cards
 Catan + S-The Four Islands + C&K + V-Catan Event Cards + T&B-The Fishermen of Catan
 Catan + S-The Four Islands + C&K + V-Catan Event Cards + T&B-The Fishermen of Catan + T&B-The Caravans
 Catan + S-The Four Islands + C&K + V-Catan Event Cards + T&B-The Caravans
 Catan + S-The Four Islands + C&K + T&B-The Fishermen of Catan
 Catan + S-The Four Islands + C&K + T&B-The Fishermen of Catan + T&B-The Caravans
 Catan + S-The Four Islands + C&K + T&B-The Caravans
 Catan + S-The Four Islands + V-The Friendly Robber
 Catan + S-The Four Islands + V-The Friendly Robber + V-Catan Event Cards
 Catan + S-The Four Islands + V-The Friendly Robber + V-Catan Event Cards + V-Harbormaster
 Catan + S-The Four Islands + V-The Friendly Robber + V-Catan Event Cards + V-Harbormaster + T&B-The Fishermen of Catan
 Catan + S-The Four Islands + V-The Friendly Robber + V-Catan Event Cards + V-Harbormaster + T&B-The Fishermen of Catan + T&B-The Caravans
 Catan + S-The Four Islands + V-The Friendly Robber + V-Catan Event Cards + V-Harbormaster + T&B-The Caravans
 Catan + S-The Four Islands + V-The Friendly Robber + V-Catan Event Cards + T&B-The Fishermen of Catan
 Catan + S-The Four Islands + V-The Friendly Robber + V-Catan Event Cards + T&B-The Fishermen of Catan + T&B-The Caravans
 Catan + S-The Four Islands + V-The Friendly Robber + V-Catan Event Cards + T&B-The Caravans
 Catan + S-The Four Islands + V-The Friendly Robber + V-Harbormaster
 Catan + S-The Four Islands + V-The Friendly Robber + V-Harbormaster + T&B-The Fishermen of Catan
 Catan + S-The Four Islands + V-The Friendly Robber + V-Harbormaster + T&B-The Fishermen of Catan + T&B-The Caravans
 Catan + S-The Four Islands + V-The Friendly Robber + V-Harbormaster + T&B-The Caravans
 Catan + S-The Four Islands + V-The Friendly Robber + T&B-The Fishermen of Catan
 Catan + S-The Four Islands + V-The Friendly Robber + T&B-The Fishermen of Catan + T&B-The Caravans
 Catan + S-The Four Islands + V-The Friendly Robber + T&B-The Caravans
 Catan + S-The Four Islands + V-Catan Event Cards
 Catan + S-The Four Islands + V-Catan Event Cards + V-Harbormaster
 Catan + S-The Four Islands + V-Catan Event Cards + V-Harbormaster + T&B-The Fishermen of Catan
 Catan + S-The Four Islands + V-Catan Event Cards + V-Harbormaster + T&B-The Fishermen of Catan + T&B-The Caravans
 Catan + S-The Four Islands + V-Catan Event Cards + V-Harbormaster + T&B-The Caravans
 Catan + S-The Four Islands + V-Catan Event Cards + T&B-The Fishermen of Catan
 Catan + S-The Four Islands + V-Catan Event Cards + T&B-The Fishermen of Catan + T&B-The Caravans
 Catan + S-The Four Islands + V-Catan Event Cards + T&B-The Caravans
 Catan + S-The Four Islands + V-Harbormaster
 Catan + S-The Four Islands + V-Harbormaster + T&B-The Fishermen of Catan
 Catan + S-The Four Islands + V-Harbormaster + T&B-The Fishermen of Catan + T&B-The Caravans
 Catan + S-The Four Islands + V-Harbormaster + T&B-The Caravans
 Catan + S-The Four Islands + T&B-The Fishermen of Catan
 Catan + S-The Four Islands + T&B-The Fishermen of Catan + T&B-The Caravans
 Catan + S-The Four Islands + T&B-The Caravans
 Catan + S-The Fog Island
 Catan + S-The Fog Island + C&K
 Catan + S-The Fog Island + C&K + V-Catan Event Cards
 Catan + S-The Fog Island + C&K + V-Catan Event Cards + T&B-The Fishermen of Catan
 Catan + S-The Fog Island + C&K + V-Catan Event Cards + T&B-The Fishermen of Catan + T&B-The Rivers of Catan
 Catan + S-The Fog Island + C&K + V-Catan Event Cards + T&B-The Rivers of Catan
 Catan + S-The Fog Island + C&K + T&B-The Fishermen of Catan
 Catan + S-The Fog Island + C&K + T&B-The Fishermen of Catan + T&B-The Rivers of Catan
 Catan + S-The Fog Island + C&K + T&B-The Rivers of Catan
 Catan + S-The Fog Island + V-The Friendly Robber
 Catan + S-The Fog Island + V-The Friendly Robber + V-Catan Event Cards
 Catan + S-The Fog Island + V-The Friendly Robber + V-Catan Event Cards + V-Harbormaster
 Catan + S-The Fog Island + V-The Friendly Robber + V-Catan Event Cards + V-Harbormaster + T&B-The Fishermen of Catan
 Catan + S-The Fog Island + V-The Friendly Robber + V-Catan Event Cards + V-Harbormaster + T&B-The Fishermen of Catan + T&B-The Rivers of Catan
 Catan + S-The Fog Island + V-The Friendly Robber + V-Catan Event Cards + V-Harbormaster + T&B-The Rivers of Catan
 Catan + S-The Fog Island + V-The Friendly Robber + V-Catan Event Cards + T&B-The Fishermen of Catan
 Catan + S-The Fog Island + V-The Friendly Robber + V-Catan Event Cards + T&B-The Fishermen of Catan + T&B-The Rivers of Catan
 Catan + S-The Fog Island + V-The Friendly Robber + V-Catan Event Cards + T&B-The Rivers of Catan
 Catan + S-The Fog Island + V-The Friendly Robber + V-Harbormaster
 Catan + S-The Fog Island + V-The Friendly Robber + V-Harbormaster + T&B-The Fishermen of Catan
 Catan + S-The Fog Island + V-The Friendly Robber + V-Harbormaster + T&B-The Fishermen of Catan + T&B-The Rivers of Catan
 Catan + S-The Fog Island + V-The Friendly Robber + V-Harbormaster + T&B-The Rivers of Catan
 Catan + S-The Fog Island + V-The Friendly Robber + T&B-The Fishermen of Catan
 Catan + S-The Fog Island + V-The Friendly Robber + T&B-The Fishermen of Catan + T&B-The Rivers of Catan
 Catan + S-The Fog Island + V-The Friendly Robber + T&B-The Rivers of Catan
 Catan + S-The Fog Island + V-Catan Event Cards
 Catan + S-The Fog Island + V-Catan Event Cards + V-Harbormaster
 Catan + S-The Fog Island + V-Catan Event Cards + V-Harbormaster + T&B-The Fishermen of Catan
 Catan + S-The Fog Island + V-Catan Event Cards + V-Harbormaster + T&B-The Fishermen of Catan + T&B-The Rivers of Catan
 Catan + S-The Fog Island + V-Catan Event Cards + V-Harbormaster + T&B-The Rivers of Catan
 Catan + S-The Fog Island + V-Catan Event Cards + T&B-The Fishermen of Catan
 Catan + S-The Fog Island + V-Catan Event Cards + T&B-The Fishermen of Catan + T&B-The Rivers of Catan
 Catan + S-The Fog Island + V-Catan Event Cards + T&B-The Rivers of Catan
 Catan + S-The Fog Island + V-Harbormaster
 Catan + S-The Fog Island + V-Harbormaster + T&B-The Fishermen of Catan
 Catan + S-The Fog Island + V-Harbormaster + T&B-The Fishermen of Catan + T&B-The Rivers of Catan
 Catan + S-The Fog Island + V-Harbormaster + T&B-The Rivers of Catan
 Catan + S-The Fog Island + T&B-The Fishermen of Catan
 Catan + S-The Fog Island + T&B-The Fishermen of Catan + T&B-The Rivers of Catan
 Catan + S-The Fog Island + T&B-The Rivers of Catan
 Catan + S-Through the Desert
 Catan + S-Through the Desert + C&K
 Catan + S-Through the Desert + C&K + V-Catan Event Cards
 Catan + S-Through the Desert + C&K + V-Catan Event Cards + T&B-The Fishermen of Catan
 Catan + S-Through the Desert + C&K + V-Catan Event Cards + T&B-The Fishermen of Catan + T&B-The Rivers of Catan
 Catan + S-Through the Desert + C&K + V-Catan Event Cards + T&B-The Fishermen of Catan + T&B-The Caravans
 Catan + S-Through the Desert + C&K + V-Catan Event Cards + T&B-The Fishermen of Catan + T&B-Barbarian Attack
 Catan + S-Through the Desert + C&K + V-Catan Event Cards + T&B-The Fishermen of Catan + T&B-Traders & Barbarians
 Catan + S-Through the Desert + C&K + V-Catan Event Cards + T&B-The Rivers of Catan
 Catan + S-Through the Desert + C&K + V-Catan Event Cards + T&B-The Rivers of Catan + T&B-The Caravans
 Catan + S-Through the Desert + C&K + V-Catan Event Cards + T&B-The Rivers of Catan + T&B-Barbarian Attack
 Catan + S-Through the Desert + C&K + V-Catan Event Cards + T&B-The Rivers of Catan + T&B-Traders & Barbarians
 Catan + S-Through the Desert + C&K + V-Catan Event Cards + T&B-The Caravans
 Catan + S-Through the Desert + C&K + V-Catan Event Cards + T&B-The Caravans + T&B-Barbarian Attack
 Catan + S-Through the Desert + C&K + V-Catan Event Cards + T&B-Barbarian Attack
 Catan + S-Through the Desert + C&K + V-Catan Event Cards + T&B-Barbarian Attack + T&B-Traders & Barbarians
 Catan + S-Through the Desert + C&K + V-Catan Event Cards + T&B-Traders & Barbarians
 Catan + S-Through the Desert + C&K + T&B-The Fishermen of Catan
 Catan + S-Through the Desert + C&K + T&B-The Fishermen of Catan + T&B-The Rivers of Catan
 Catan + S-Through the Desert + C&K + T&B-The Fishermen of Catan + T&B-The Caravans
 Catan + S-Through the Desert + C&K + T&B-The Fishermen of Catan + T&B-Barbarian Attack
 Catan + S-Through the Desert + C&K + T&B-The Fishermen of Catan + T&B-Traders & Barbarians
 Catan + S-Through the Desert + C&K + T&B-The Rivers of Catan
 Catan + S-Through the Desert + C&K + T&B-The Rivers of Catan + T&B-The Caravans
 Catan + S-Through the Desert + C&K + T&B-The Rivers of Catan + T&B-Barbarian Attack
 Catan + S-Through the Desert + C&K + T&B-The Rivers of Catan + T&B-Traders & Barbarians
 Catan + S-Through the Desert + C&K + T&B-The Caravans
 Catan + S-Through the Desert + C&K + T&B-The Caravans + T&B-Barbarian Attack
 Catan + S-Through the Desert + C&K + T&B-Barbarian Attack
 Catan + S-Through the Desert + C&K + T&B-Barbarian Attack + T&B-Traders & Barbarians
 Catan + S-Through the Desert + C&K + T&B-Traders & Barbarians
 Catan + S-Through the Desert + V-The Friendly Robber
 Catan + S-Through the Desert + V-The Friendly Robber + V-Catan Event Cards
 Catan + S-Through the Desert + V-The Friendly Robber + V-Catan Event Cards + V-Harbormaster
 Catan + S-Through the Desert + V-The Friendly Robber + V-Catan Event Cards + V-Harbormaster + T&B-The Fishermen of Catan
 Catan + S-Through the Desert + V-The Friendly Robber + V-Catan Event Cards + V-Harbormaster + T&B-The Fishermen of Catan + T&B-The Rivers of Catan
 Catan + S-Through the Desert + V-The Friendly Robber + V-Catan Event Cards + V-Harbormaster + T&B-The Fishermen of Catan + T&B-The Caravans
 Catan + S-Through the Desert + V-The Friendly Robber + V-Catan Event Cards + V-Harbormaster + T&B-The Rivers of Catan
 Catan + S-Through the Desert + V-The Friendly Robber + V-Catan Event Cards + V-Harbormaster + T&B-The Rivers of Catan + T&B-The Caravans
 Catan + S-Through the Desert + V-The Friendly Robber + V-Catan Event Cards + V-Harbormaster + T&B-The Caravans
 Catan + S-Through the Desert + V-The Friendly Robber + V-Catan Event Cards + T&B-The Fishermen of Catan
 Catan + S-Through the Desert + V-The Friendly Robber + V-Catan Event Cards + T&B-The Fishermen of Catan + T&B-The Rivers of Catan
 Catan + S-Through the Desert + V-The Friendly Robber + V-Catan Event Cards + T&B-The Fishermen of Catan + T&B-The Caravans
 Catan + S-Through the Desert + V-The Friendly Robber + V-Catan Event Cards + T&B-The Rivers of Catan
 Catan + S-Through the Desert + V-The Friendly Robber + V-Catan Event Cards + T&B-The Rivers of Catan + T&B-The Caravans
 Catan + S-Through the Desert + V-The Friendly Robber + V-Catan Event Cards + T&B-The Caravans
 Catan + S-Through the Desert + V-The Friendly Robber + V-Harbormaster
 Catan + S-Through the Desert + V-The Friendly Robber + V-Harbormaster + T&B-The Fishermen of Catan
 Catan + S-Through the Desert + V-The Friendly Robber + V-Harbormaster + T&B-The Fishermen of Catan + T&B-The Rivers of Catan
 Catan + S-Through the Desert + V-The Friendly Robber + V-Harbormaster + T&B-The Fishermen of Catan + T&B-The Caravans
 Catan + S-Through the Desert + V-The Friendly Robber + V-Harbormaster + T&B-The Rivers of Catan
 Catan + S-Through the Desert + V-The Friendly Robber + V-Harbormaster + T&B-The Rivers of Catan + T&B-The Caravans
 Catan + S-Through the Desert + V-The Friendly Robber + V-Harbormaster + T&B-The Caravans
 Catan + S-Through the Desert + V-The Friendly Robber + T&B-The Fishermen of Catan
 Catan + S-Through the Desert + V-The Friendly Robber + T&B-The Fishermen of Catan + T&B-The Rivers of Catan
 Catan + S-Through the Desert + V-The Friendly Robber + T&B-The Fishermen of Catan + T&B-The Caravans
 Catan + S-Through the Desert + V-The Friendly Robber + T&B-The Rivers of Catan
 Catan + S-Through the Desert + V-The Friendly Robber + T&B-The Rivers of Catan + T&B-The Caravans
 Catan + S-Through the Desert + V-The Friendly Robber + T&B-The Caravans
 Catan + S-Through the Desert + V-Catan Event Cards
 Catan + S-Through the Desert + V-Catan Event Cards + V-Harbormaster
 Catan + S-Through the Desert + V-Catan Event Cards + V-Harbormaster + T&B-The Fishermen of Catan
 Catan + S-Through the Desert + V-Catan Event Cards + V-Harbormaster + T&B-The Fishermen of Catan + T&B-The Rivers of Catan
 Catan + S-Through the Desert + V-Catan Event Cards + V-Harbormaster + T&B-The Fishermen of Catan + T&B-The Caravans
 Catan + S-Through the Desert + V-Catan Event Cards + V-Harbormaster + T&B-The Fishermen of Catan + T&B-Barbarian Attack
 Catan + S-Through the Desert + V-Catan Event Cards + V-Harbormaster + T&B-The Fishermen of Catan + T&B-Traders & Barbarians
 Catan + S-Through the Desert + V-Catan Event Cards + V-Harbormaster + T&B-The Rivers of Catan
 Catan + S-Through the Desert + V-Catan Event Cards + V-Harbormaster + T&B-The Rivers of Catan + T&B-The Caravans
 Catan + S-Through the Desert + V-Catan Event Cards + V-Harbormaster + T&B-The Rivers of Catan + T&B-Barbarian Attack
 Catan + S-Through the Desert + V-Catan Event Cards + V-Harbormaster + T&B-The Rivers of Catan + T&B-Traders & Barbarians
 Catan + S-Through the Desert + V-Catan Event Cards + V-Harbormaster + T&B-The Caravans
 Catan + S-Through the Desert + V-Catan Event Cards + V-Harbormaster + T&B-The Caravans + T&B-Barbarian Attack
 Catan + S-Through the Desert + V-Catan Event Cards + V-Harbormaster + T&B-Barbarian Attack
 Catan + S-Through the Desert + V-Catan Event Cards + V-Harbormaster + T&B-Barbarian Attack + T&B-Traders & Barbarians
 Catan + S-Through the Desert + V-Catan Event Cards + V-Harbormaster + T&B-Traders & Barbarians
 Catan + S-Through the Desert + V-Catan Event Cards + T&B-The Fishermen of Catan
 Catan + S-Through the Desert + V-Catan Event Cards + T&B-The Fishermen of Catan + T&B-The Rivers of Catan
 Catan + S-Through the Desert + V-Catan Event Cards + T&B-The Fishermen of Catan + T&B-The Caravans
 Catan + S-Through the Desert + V-Catan Event Cards + T&B-The Fishermen of Catan + T&B-Barbarian Attack
 Catan + S-Through the Desert + V-Catan Event Cards + T&B-The Fishermen of Catan + T&B-Traders & Barbarians
 Catan + S-Through the Desert + V-Catan Event Cards + T&B-The Rivers of Catan
 Catan + S-Through the Desert + V-Catan Event Cards + T&B-The Rivers of Catan + T&B-The Caravans
 Catan + S-Through the Desert + V-Catan Event Cards + T&B-The Rivers of Catan + T&B-Barbarian Attack
 Catan + S-Through the Desert + V-Catan Event Cards + T&B-The Rivers of Catan + T&B-Traders & Barbarians
 Catan + S-Through the Desert + V-Catan Event Cards + T&B-The Caravans
 Catan + S-Through the Desert + V-Catan Event Cards + T&B-The Caravans + T&B-Barbarian Attack
 Catan + S-Through the Desert + V-Catan Event Cards + T&B-Barbarian Attack
 Catan + S-Through the Desert + V-Catan Event Cards + T&B-Barbarian Attack + T&B-Traders & Barbarians
 Catan + S-Through the Desert + V-Catan Event Cards + T&B-Traders & Barbarians
 Catan + S-Through the Desert + V-Harbormaster
 Catan + S-Through the Desert + V-Harbormaster + T&B-The Fishermen of Catan
 Catan + S-Through the Desert + V-Harbormaster + T&B-The Fishermen of Catan + T&B-The Rivers of Catan
 Catan + S-Through the Desert + V-Harbormaster + T&B-The Fishermen of Catan + T&B-The Caravans
 Catan + S-Through the Desert + V-Harbormaster + T&B-The Fishermen of Catan + T&B-Barbarian Attack
 Catan + S-Through the Desert + V-Harbormaster + T&B-The Fishermen of Catan + T&B-Traders & Barbarians
 Catan + S-Through the Desert + V-Harbormaster + T&B-The Rivers of Catan
 Catan + S-Through the Desert + V-Harbormaster + T&B-The Rivers of Catan + T&B-The Caravans
 Catan + S-Through the Desert + V-Harbormaster + T&B-The Rivers of Catan + T&B-Barbarian Attack
 Catan + S-Through the Desert + V-Harbormaster + T&B-The Rivers of Catan + T&B-Traders & Barbarians
 Catan + S-Through the Desert + V-Harbormaster + T&B-The Caravans
 Catan + S-Through the Desert + V-Harbormaster + T&B-The Caravans + T&B-Barbarian Attack
 Catan + S-Through the Desert + V-Harbormaster + T&B-Barbarian Attack
 Catan + S-Through the Desert + V-Harbormaster + T&B-Barbarian Attack + T&B-Traders & Barbarians
 Catan + S-Through the Desert + V-Harbormaster + T&B-Traders & Barbarians
 Catan + S-Through the Desert + T&B-The Fishermen of Catan
 Catan + S-Through the Desert + T&B-The Fishermen of Catan + T&B-The Rivers of Catan
 Catan + S-Through the Desert + T&B-The Fishermen of Catan + T&B-The Caravans
 Catan + S-Through the Desert + T&B-The Fishermen of Catan + T&B-Barbarian Attack
 Catan + S-Through the Desert + T&B-The Fishermen of Catan + T&B-Traders & Barbarians
 Catan + S-Through the Desert + T&B-The Rivers of Catan
 Catan + S-Through the Desert + T&B-The Rivers of Catan + T&B-The Caravans
 Catan + S-Through the Desert + T&B-The Rivers of Catan + T&B-Barbarian Attack
 Catan + S-Through the Desert + T&B-The Rivers of Catan + T&B-Traders & Barbarians
 Catan + S-Through the Desert + T&B-The Caravans
 Catan + S-Through the Desert + T&B-The Caravans + T&B-Barbarian Attack
 Catan + S-Through the Desert + T&B-Barbarian Attack
 Catan + S-Through the Desert + T&B-Barbarian Attack + T&B-Traders & Barbarians
 Catan + S-Through the Desert + T&B-Traders & Barbarians
 Catan + S-The Forgotten Tribes
 Catan + S-The Forgotten Tribes + C&K
 Catan + S-The Forgotten Tribes + C&K + V-Catan Event Cards
 Catan + S-The Forgotten Tribes + C&K + V-Catan Event Cards + T&B-The Fishermen of Catan
 Catan + S-The Forgotten Tribes + C&K + V-Catan Event Cards + T&B-The Fishermen of Catan + T&B-The Rivers of Catan
 Catan + S-The Forgotten Tribes + C&K + V-Catan Event Cards + T&B-The Fishermen of Catan + T&B-The Caravans
 Catan + S-The Forgotten Tribes + C&K + V-Catan Event Cards + T&B-The Fishermen of Catan + T&B-Barbarian Attack
 Catan + S-The Forgotten Tribes + C&K + V-Catan Event Cards + T&B-The Rivers of Catan
 Catan + S-The Forgotten Tribes + C&K + V-Catan Event Cards + T&B-The Rivers of Catan + T&B-The Caravans
 Catan + S-The Forgotten Tribes + C&K + V-Catan Event Cards + T&B-The Rivers of Catan + T&B-Barbarian Attack
 Catan + S-The Forgotten Tribes + C&K + V-Catan Event Cards + T&B-The Caravans
 Catan + S-The Forgotten Tribes + C&K + V-Catan Event Cards + T&B-The Caravans + T&B-Barbarian Attack
 Catan + S-The Forgotten Tribes + C&K + V-Catan Event Cards + T&B-Barbarian Attack
 Catan + S-The Forgotten Tribes + C&K + T&B-The Fishermen of Catan
 Catan + S-The Forgotten Tribes + C&K + T&B-The Fishermen of Catan + T&B-The Rivers of Catan
 Catan + S-The Forgotten Tribes + C&K + T&B-The Fishermen of Catan + T&B-The Caravans
 Catan + S-The Forgotten Tribes + C&K + T&B-The Fishermen of Catan + T&B-Barbarian Attack
 Catan + S-The Forgotten Tribes + C&K + T&B-The Rivers of Catan
 Catan + S-The Forgotten Tribes + C&K + T&B-The Rivers of Catan + T&B-The Caravans
 Catan + S-The Forgotten Tribes + C&K + T&B-The Rivers of Catan + T&B-Barbarian Attack
 Catan + S-The Forgotten Tribes + C&K + T&B-The Caravans
 Catan + S-The Forgotten Tribes + C&K + T&B-The Caravans + T&B-Barbarian Attack
 Catan + S-The Forgotten Tribes + C&K + T&B-Barbarian Attack
 Catan + S-The Forgotten Tribes + V-The Friendly Robber
 Catan + S-The Forgotten Tribes + V-The Friendly Robber + V-Catan Event Cards
 Catan + S-The Forgotten Tribes + V-The Friendly Robber + V-Catan Event Cards + V-Harbormaster
 Catan + S-The Forgotten Tribes + V-The Friendly Robber + V-Catan Event Cards + V-Harbormaster + T&B-The Fishermen of Catan
 Catan + S-The Forgotten Tribes + V-The Friendly Robber + V-Catan Event Cards + V-Harbormaster + T&B-The Fishermen of Catan + T&B-The Rivers of Catan
 Catan + S-The Forgotten Tribes + V-The Friendly Robber + V-Catan Event Cards + V-Harbormaster + T&B-The Fishermen of Catan + T&B-The Caravans
 Catan + S-The Forgotten Tribes + V-The Friendly Robber + V-Catan Event Cards + V-Harbormaster + T&B-The Rivers of Catan
 Catan + S-The Forgotten Tribes + V-The Friendly Robber + V-Catan Event Cards + V-Harbormaster + T&B-The Rivers of Catan + T&B-The Caravans
 Catan + S-The Forgotten Tribes + V-The Friendly Robber + V-Catan Event Cards + V-Harbormaster + T&B-The Caravans
 Catan + S-The Forgotten Tribes + V-The Friendly Robber + V-Catan Event Cards + T&B-The Fishermen of Catan
 Catan + S-The Forgotten Tribes + V-The Friendly Robber + V-Catan Event Cards + T&B-The Fishermen of Catan + T&B-The Rivers of Catan
 Catan + S-The Forgotten Tribes + V-The Friendly Robber + V-Catan Event Cards + T&B-The Fishermen of Catan + T&B-The Caravans
 Catan + S-The Forgotten Tribes + V-The Friendly Robber + V-Catan Event Cards + T&B-The Rivers of Catan
 Catan + S-The Forgotten Tribes + V-The Friendly Robber + V-Catan Event Cards + T&B-The Rivers of Catan + T&B-The Caravans
 Catan + S-The Forgotten Tribes + V-The Friendly Robber + V-Catan Event Cards + T&B-The Caravans
 Catan + S-The Forgotten Tribes + V-The Friendly Robber + V-Harbormaster
 Catan + S-The Forgotten Tribes + V-The Friendly Robber + V-Harbormaster + T&B-The Fishermen of Catan
 Catan + S-The Forgotten Tribes + V-The Friendly Robber + V-Harbormaster + T&B-The Fishermen of Catan + T&B-The Rivers of Catan
 Catan + S-The Forgotten Tribes + V-The Friendly Robber + V-Harbormaster + T&B-The Fishermen of Catan + T&B-The Caravans
 Catan + S-The Forgotten Tribes + V-The Friendly Robber + V-Harbormaster + T&B-The Rivers of Catan
 Catan + S-The Forgotten Tribes + V-The Friendly Robber + V-Harbormaster + T&B-The Rivers of Catan + T&B-The Caravans
 Catan + S-The Forgotten Tribes + V-The Friendly Robber + V-Harbormaster + T&B-The Caravans
 Catan + S-The Forgotten Tribes + V-The Friendly Robber + T&B-The Fishermen of Catan
 Catan + S-The Forgotten Tribes + V-The Friendly Robber + T&B-The Fishermen of Catan + T&B-The Rivers of Catan
 Catan + S-The Forgotten Tribes + V-The Friendly Robber + T&B-The Fishermen of Catan + T&B-The Caravans
 Catan + S-The Forgotten Tribes + V-The Friendly Robber + T&B-The Rivers of Catan
 Catan + S-The Forgotten Tribes + V-The Friendly Robber + T&B-The Rivers of Catan + T&B-The Caravans
 Catan + S-The Forgotten Tribes + V-The Friendly Robber + T&B-The Caravans
 Catan + S-The Forgotten Tribes + V-Catan Event Cards
 Catan + S-The Forgotten Tribes + V-Catan Event Cards + V-Harbormaster
 Catan + S-The Forgotten Tribes + V-Catan Event Cards + V-Harbormaster + T&B-The Fishermen of Catan
 Catan + S-The Forgotten Tribes + V-Catan Event Cards + V-Harbormaster + T&B-The Fishermen of Catan + T&B-The Rivers of Catan
 Catan + S-The Forgotten Tribes + V-Catan Event Cards + V-Harbormaster + T&B-The Fishermen of Catan + T&B-The Caravans
 Catan + S-The Forgotten Tribes + V-Catan Event Cards + V-Harbormaster + T&B-The Fishermen of Catan + T&B-Barbarian Attack
 Catan + S-The Forgotten Tribes + V-Catan Event Cards + V-Harbormaster + T&B-The Rivers of Catan
 Catan + S-The Forgotten Tribes + V-Catan Event Cards + V-Harbormaster + T&B-The Rivers of Catan + T&B-The Caravans
 Catan + S-The Forgotten Tribes + V-Catan Event Cards + V-Harbormaster + T&B-The Rivers of Catan + T&B-Barbarian Attack
 Catan + S-The Forgotten Tribes + V-Catan Event Cards + V-Harbormaster + T&B-The Caravans
 Catan + S-The Forgotten Tribes + V-Catan Event Cards + V-Harbormaster + T&B-The Caravans + T&B-Barbarian Attack
 Catan + S-The Forgotten Tribes + V-Catan Event Cards + V-Harbormaster + T&B-Barbarian Attack
 Catan + S-The Forgotten Tribes + V-Catan Event Cards + T&B-The Fishermen of Catan
 Catan + S-The Forgotten Tribes + V-Catan Event Cards + T&B-The Fishermen of Catan + T&B-The Rivers of Catan
 Catan + S-The Forgotten Tribes + V-Catan Event Cards + T&B-The Fishermen of Catan + T&B-The Caravans
 Catan + S-The Forgotten Tribes + V-Catan Event Cards + T&B-The Fishermen of Catan + T&B-Barbarian Attack
 Catan + S-The Forgotten Tribes + V-Catan Event Cards + T&B-The Rivers of Catan
 Catan + S-The Forgotten Tribes + V-Catan Event Cards + T&B-The Rivers of Catan + T&B-The Caravans
 Catan + S-The Forgotten Tribes + V-Catan Event Cards + T&B-The Rivers of Catan + T&B-Barbarian Attack
 Catan + S-The Forgotten Tribes + V-Catan Event Cards + T&B-The Caravans
 Catan + S-The Forgotten Tribes + V-Catan Event Cards + T&B-The Caravans + T&B-Barbarian Attack
 Catan + S-The Forgotten Tribes + V-Catan Event Cards + T&B-Barbarian Attack
 Catan + S-The Forgotten Tribes + V-Harbormaster
 Catan + S-The Forgotten Tribes + V-Harbormaster + T&B-The Fishermen of Catan
 Catan + S-The Forgotten Tribes + V-Harbormaster + T&B-The Fishermen of Catan + T&B-The Rivers of Catan
 Catan + S-The Forgotten Tribes + V-Harbormaster + T&B-The Fishermen of Catan + T&B-The Caravans
 Catan + S-The Forgotten Tribes + V-Harbormaster + T&B-The Fishermen of Catan + T&B-Barbarian Attack
 Catan + S-The Forgotten Tribes + V-Harbormaster + T&B-The Rivers of Catan
 Catan + S-The Forgotten Tribes + V-Harbormaster + T&B-The Rivers of Catan + T&B-The Caravans
 Catan + S-The Forgotten Tribes + V-Harbormaster + T&B-The Rivers of Catan + T&B-Barbarian Attack
 Catan + S-The Forgotten Tribes + V-Harbormaster + T&B-The Caravans
 Catan + S-The Forgotten Tribes + V-Harbormaster + T&B-The Caravans + T&B-Barbarian Attack
 Catan + S-The Forgotten Tribes + V-Harbormaster + T&B-Barbarian Attack
 Catan + S-The Forgotten Tribes + T&B-The Fishermen of Catan
 Catan + S-The Forgotten Tribes + T&B-The Fishermen of Catan + T&B-The Rivers of Catan
 Catan + S-The Forgotten Tribes + T&B-The Fishermen of Catan + T&B-The Caravans
 Catan + S-The Forgotten Tribes + T&B-The Fishermen of Catan + T&B-Barbarian Attack
 Catan + S-The Forgotten Tribes + T&B-The Rivers of Catan
 Catan + S-The Forgotten Tribes + T&B-The Rivers of Catan + T&B-The Caravans
 Catan + S-The Forgotten Tribes + T&B-The Rivers of Catan + T&B-Barbarian Attack
 Catan + S-The Forgotten Tribes + T&B-The Caravans
 Catan + S-The Forgotten Tribes + T&B-The Caravans + T&B-Barbarian Attack
 Catan + S-The Forgotten Tribes + T&B-Barbarian Attack
 Catan + S-Cloth for Catan
 Catan + S-Cloth for Catan + C&K
 Catan + S-Cloth for Catan + C&K + V-Catan Event Cards
 Catan + S-Cloth for Catan + C&K + V-Catan Event Cards + T&B-The Fishermen of Catan
 Catan + S-Cloth for Catan + C&K + T&B-The Fishermen of Catan
 Catan + S-Cloth for Catan + V-The Friendly Robber
 Catan + S-Cloth for Catan + V-The Friendly Robber + V-Catan Event Cards
 Catan + S-Cloth for Catan + V-The Friendly Robber + V-Catan Event Cards + V-Harbormaster
 Catan + S-Cloth for Catan + V-The Friendly Robber + V-Catan Event Cards + V-Harbormaster + T&B-The Fishermen of Catan
 Catan + S-Cloth for Catan + V-The Friendly Robber + V-Catan Event Cards + T&B-The Fishermen of Catan
 Catan + S-Cloth for Catan + V-The Friendly Robber + V-Harbormaster
 Catan + S-Cloth for Catan + V-The Friendly Robber + V-Harbormaster + T&B-The Fishermen of Catan
 Catan + S-Cloth for Catan + V-The Friendly Robber + T&B-The Fishermen of Catan
 Catan + S-Cloth for Catan + V-Catan Event Cards
 Catan + S-Cloth for Catan + V-Catan Event Cards + V-Harbormaster
 Catan + S-Cloth for Catan + V-Catan Event Cards + V-Harbormaster + T&B-The Fishermen of Catan
 Catan + S-Cloth for Catan + V-Catan Event Cards + T&B-The Fishermen of Catan
 Catan + S-Cloth for Catan + V-Harbormaster
 Catan + S-Cloth for Catan + V-Harbormaster + T&B-The Fishermen of Catan
 Catan + S-Cloth for Catan + T&B-The Fishermen of Catan
 Catan + S-The Pirate Islands
 Catan + S-The Pirate Islands + C&K
 Catan + S-The Pirate Islands + C&K + V-Catan Event Cards
 Catan + S-The Pirate Islands + C&K + V-Catan Event Cards + T&B-Barbarian Attack
 Catan + S-The Pirate Islands + C&K + T&B-Barbarian Attack
 Catan + S-The Pirate Islands + V-Catan Event Cards
 Catan + S-The Pirate Islands + V-Catan Event Cards + V-Harbormaster
 Catan + S-The Pirate Islands + V-Catan Event Cards + V-Harbormaster + T&B-Barbarian Attack
 Catan + S-The Pirate Islands + V-Catan Event Cards + T&B-Barbarian Attack
 Catan + S-The Pirate Islands + V-Harbormaster
 Catan + S-The Pirate Islands + V-Harbormaster + T&B-Barbarian Attack
 Catan + S-The Pirate Islands + T&B-Barbarian Attack
 Catan + S-The Wonders of Catan
 Catan + S-The Wonders of Catan + C&K
 Catan + S-The Wonders of Catan + C&K + V-Catan Event Cards
 Catan + S-The Wonders of Catan + C&K + V-Catan Event Cards + T&B-The Fishermen of Catan
 Catan + S-The Wonders of Catan + C&K + V-Catan Event Cards + T&B-The Fishermen of Catan + T&B-Barbarian Attack
 Catan + S-The Wonders of Catan + C&K + V-Catan Event Cards + T&B-The Fishermen of Catan + T&B-Traders & Barbarians
 Catan + S-The Wonders of Catan + C&K + V-Catan Event Cards + T&B-Barbarian Attack
 Catan + S-The Wonders of Catan + C&K + V-Catan Event Cards + T&B-Barbarian Attack + T&B-Traders & Barbarians
 Catan + S-The Wonders of Catan + C&K + V-Catan Event Cards + T&B-Traders & Barbarians
 Catan + S-The Wonders of Catan + C&K + T&B-The Fishermen of Catan
 Catan + S-The Wonders of Catan + C&K + T&B-The Fishermen of Catan + T&B-Barbarian Attack
 Catan + S-The Wonders of Catan + C&K + T&B-The Fishermen of Catan + T&B-Traders & Barbarians
 Catan + S-The Wonders of Catan + C&K + T&B-Barbarian Attack
 Catan + S-The Wonders of Catan + C&K + T&B-Barbarian Attack + T&B-Traders & Barbarians
 Catan + S-The Wonders of Catan + C&K + T&B-Traders & Barbarians
 Catan + S-The Wonders of Catan + V-The Friendly Robber
 Catan + S-The Wonders of Catan + V-The Friendly Robber + V-Catan Event Cards
 Catan + S-The Wonders of Catan + V-The Friendly Robber + V-Catan Event Cards + V-Harbormaster
 Catan + S-The Wonders of Catan + V-The Friendly Robber + V-Catan Event Cards + V-Harbormaster + T&B-The Fishermen of Catan
 Catan + S-The Wonders of Catan + V-The Friendly Robber + V-Catan Event Cards + T&B-The Fishermen of Catan
 Catan + S-The Wonders of Catan + V-The Friendly Robber + V-Harbormaster
 Catan + S-The Wonders of Catan + V-The Friendly Robber + V-Harbormaster + T&B-The Fishermen of Catan
 Catan + S-The Wonders of Catan + V-The Friendly Robber + T&B-The Fishermen of Catan
 Catan + S-The Wonders of Catan + V-Catan Event Cards
 Catan + S-The Wonders of Catan + V-Catan Event Cards + V-Harbormaster
 Catan + S-The Wonders of Catan + V-Catan Event Cards + V-Harbormaster + T&B-The Fishermen of Catan
 Catan + S-The Wonders of Catan + V-Catan Event Cards + V-Harbormaster + T&B-The Fishermen of Catan + T&B-Barbarian Attack
 Catan + S-The Wonders of Catan + V-Catan Event Cards + V-Harbormaster + T&B-The Fishermen of Catan + T&B-Traders & Barbarians
 Catan + S-The Wonders of Catan + V-Catan Event Cards + V-Harbormaster + T&B-Barbarian Attack
 Catan + S-The Wonders of Catan + V-Catan Event Cards + V-Harbormaster + T&B-Barbarian Attack + T&B-Traders & Barbarians
 Catan + S-The Wonders of Catan + V-Catan Event Cards + V-Harbormaster + T&B-Traders & Barbarians
 Catan + S-The Wonders of Catan + V-Catan Event Cards + T&B-The Fishermen of Catan
 Catan + S-The Wonders of Catan + V-Catan Event Cards + T&B-The Fishermen of Catan + T&B-Barbarian Attack
 Catan + S-The Wonders of Catan + V-Catan Event Cards + T&B-The Fishermen of Catan + T&B-Traders & Barbarians
 Catan + S-The Wonders of Catan + V-Catan Event Cards + T&B-Barbarian Attack
 Catan + S-The Wonders of Catan + V-Catan Event Cards + T&B-Barbarian Attack + T&B-Traders & Barbarians
 Catan + S-The Wonders of Catan + V-Catan Event Cards + T&B-Traders & Barbarians
 Catan + S-The Wonders of Catan + V-Harbormaster
 Catan + S-The Wonders of Catan + V-Harbormaster + T&B-The Fishermen of Catan
 Catan + S-The Wonders of Catan + V-Harbormaster + T&B-The Fishermen of Catan + T&B-Barbarian Attack
 Catan + S-The Wonders of Catan + V-Harbormaster + T&B-The Fishermen of Catan + T&B-Traders & Barbarians
 Catan + S-The Wonders of Catan + V-Harbormaster + T&B-Barbarian Attack
 Catan + S-The Wonders of Catan + V-Harbormaster + T&B-Barbarian Attack + T&B-Traders & Barbarians
 Catan + S-The Wonders of Catan + V-Harbormaster + T&B-Traders & Barbarians
 Catan + S-The Wonders of Catan + T&B-The Fishermen of Catan
 Catan + S-The Wonders of Catan + T&B-The Fishermen of Catan + T&B-Barbarian Attack
 Catan + S-The Wonders of Catan + T&B-The Fishermen of Catan + T&B-Traders & Barbarians
 Catan + S-The Wonders of Catan + T&B-Barbarian Attack
 Catan + S-The Wonders of Catan + T&B-Barbarian Attack + T&B-Traders & Barbarians
 Catan + S-The Wonders of Catan + T&B-Traders & Barbarians
 Catan + S-New World
 Catan + S-New World + C&K
 Catan + S-New World + C&K + V-Catan Event Cards
 Catan + S-New World + C&K + V-Catan Event Cards + T&B-The Fishermen of Catan
 Catan + S-New World + C&K + V-Catan Event Cards + T&B-The Fishermen of Catan + T&B-The Rivers of Catan
 Catan + S-New World + C&K + V-Catan Event Cards + T&B-The Fishermen of Catan + T&B-The Caravans
 Catan + S-New World + C&K + V-Catan Event Cards + T&B-The Fishermen of Catan + T&B-Traders & Barbarians
 Catan + S-New World + C&K + V-Catan Event Cards + T&B-The Rivers of Catan
 Catan + S-New World + C&K + V-Catan Event Cards + T&B-The Rivers of Catan + T&B-The Caravans
 Catan + S-New World + C&K + V-Catan Event Cards + T&B-The Rivers of Catan + T&B-Traders & Barbarians
 Catan + S-New World + C&K + V-Catan Event Cards + T&B-The Caravans
 Catan + S-New World + C&K + V-Catan Event Cards + T&B-Traders & Barbarians
 Catan + S-New World + C&K + T&B-The Fishermen of Catan
 Catan + S-New World + C&K + T&B-The Fishermen of Catan + T&B-The Rivers of Catan
 Catan + S-New World + C&K + T&B-The Fishermen of Catan + T&B-The Caravans
 Catan + S-New World + C&K + T&B-The Fishermen of Catan + T&B-Traders & Barbarians
 Catan + S-New World + C&K + T&B-The Rivers of Catan
 Catan + S-New World + C&K + T&B-The Rivers of Catan + T&B-The Caravans
 Catan + S-New World + C&K + T&B-The Rivers of Catan + T&B-Traders & Barbarians
 Catan + S-New World + C&K + T&B-The Caravans
 Catan + S-New World + C&K + T&B-Traders & Barbarians
 Catan + S-New World + V-The Friendly Robber
 Catan + S-New World + V-The Friendly Robber + V-Catan Event Cards
 Catan + S-New World + V-The Friendly Robber + V-Catan Event Cards + V-Harbormaster
 Catan + S-New World + V-The Friendly Robber + V-Catan Event Cards + V-Harbormaster + T&B-The Fishermen of Catan
 Catan + S-New World + V-The Friendly Robber + V-Catan Event Cards + V-Harbormaster + T&B-The Fishermen of Catan + T&B-The Rivers of Catan
 Catan + S-New World + V-The Friendly Robber + V-Catan Event Cards + V-Harbormaster + T&B-The Fishermen of Catan + T&B-The Caravans
 Catan + S-New World + V-The Friendly Robber + V-Catan Event Cards + V-Harbormaster + T&B-The Rivers of Catan
 Catan + S-New World + V-The Friendly Robber + V-Catan Event Cards + V-Harbormaster + T&B-The Rivers of Catan + T&B-The Caravans
 Catan + S-New World + V-The Friendly Robber + V-Catan Event Cards + V-Harbormaster + T&B-The Caravans
 Catan + S-New World + V-The Friendly Robber + V-Catan Event Cards + T&B-The Fishermen of Catan
 Catan + S-New World + V-The Friendly Robber + V-Catan Event Cards + T&B-The Fishermen of Catan + T&B-The Rivers of Catan
 Catan + S-New World + V-The Friendly Robber + V-Catan Event Cards + T&B-The Fishermen of Catan + T&B-The Caravans
 Catan + S-New World + V-The Friendly Robber + V-Catan Event Cards + T&B-The Rivers of Catan
 Catan + S-New World + V-The Friendly Robber + V-Catan Event Cards + T&B-The Rivers of Catan + T&B-The Caravans
 Catan + S-New World + V-The Friendly Robber + V-Catan Event Cards + T&B-The Caravans
 Catan + S-New World + V-The Friendly Robber + V-Harbormaster
 Catan + S-New World + V-The Friendly Robber + V-Harbormaster + T&B-The Fishermen of Catan
 Catan + S-New World + V-The Friendly Robber + V-Harbormaster + T&B-The Fishermen of Catan + T&B-The Rivers of Catan
 Catan + S-New World + V-The Friendly Robber + V-Harbormaster + T&B-The Fishermen of Catan + T&B-The Caravans
 Catan + S-New World + V-The Friendly Robber + V-Harbormaster + T&B-The Rivers of Catan
 Catan + S-New World + V-The Friendly Robber + V-Harbormaster + T&B-The Rivers of Catan + T&B-The Caravans
 Catan + S-New World + V-The Friendly Robber + V-Harbormaster + T&B-The Caravans
 Catan + S-New World + V-The Friendly Robber + T&B-The Fishermen of Catan
 Catan + S-New World + V-The Friendly Robber + T&B-The Fishermen of Catan + T&B-The Rivers of Catan
 Catan + S-New World + V-The Friendly Robber + T&B-The Fishermen of Catan + T&B-The Caravans
 Catan + S-New World + V-The Friendly Robber + T&B-The Rivers of Catan
 Catan + S-New World + V-The Friendly Robber + T&B-The Rivers of Catan + T&B-The Caravans
 Catan + S-New World + V-The Friendly Robber + T&B-The Caravans
 Catan + S-New World + V-Catan Event Cards
 Catan + S-New World + V-Catan Event Cards + V-Harbormaster
 Catan + S-New World + V-Catan Event Cards + V-Harbormaster + T&B-The Fishermen of Catan
 Catan + S-New World + V-Catan Event Cards + V-Harbormaster + T&B-The Fishermen of Catan + T&B-The Rivers of Catan
 Catan + S-New World + V-Catan Event Cards + V-Harbormaster + T&B-The Fishermen of Catan + T&B-The Caravans
 Catan + S-New World + V-Catan Event Cards + V-Harbormaster + T&B-The Fishermen of Catan + T&B-Traders & Barbarians
 Catan + S-New World + V-Catan Event Cards + V-Harbormaster + T&B-The Rivers of Catan
 Catan + S-New World + V-Catan Event Cards + V-Harbormaster + T&B-The Rivers of Catan + T&B-The Caravans
 Catan + S-New World + V-Catan Event Cards + V-Harbormaster + T&B-The Rivers of Catan + T&B-Traders & Barbarians
 Catan + S-New World + V-Catan Event Cards + V-Harbormaster + T&B-The Caravans
 Catan + S-New World + V-Catan Event Cards + V-Harbormaster + T&B-Traders & Barbarians
 Catan + S-New World + V-Catan Event Cards + T&B-The Fishermen of Catan
 Catan + S-New World + V-Catan Event Cards + T&B-The Fishermen of Catan + T&B-The Rivers of Catan
 Catan + S-New World + V-Catan Event Cards + T&B-The Fishermen of Catan + T&B-The Caravans
 Catan + S-New World + V-Catan Event Cards + T&B-The Fishermen of Catan + T&B-Traders & Barbarians
 Catan + S-New World + V-Catan Event Cards + T&B-The Rivers of Catan
 Catan + S-New World + V-Catan Event Cards + T&B-The Rivers of Catan + T&B-The Caravans
 Catan + S-New World + V-Catan Event Cards + T&B-The Rivers of Catan + T&B-Traders & Barbarians
 Catan + S-New World + V-Catan Event Cards + T&B-The Caravans
 Catan + S-New World + V-Catan Event Cards + T&B-Traders & Barbarians
 Catan + S-New World + V-Harbormaster
 Catan + S-New World + V-Harbormaster + T&B-The Fishermen of Catan
 Catan + S-New World + V-Harbormaster + T&B-The Fishermen of Catan + T&B-The Rivers of Catan
 Catan + S-New World + V-Harbormaster + T&B-The Fishermen of Catan + T&B-The Caravans
 Catan + S-New World + V-Harbormaster + T&B-The Fishermen of Catan + T&B-Traders & Barbarians
 Catan + S-New World + V-Harbormaster + T&B-The Rivers of Catan
 Catan + S-New World + V-Harbormaster + T&B-The Rivers of Catan + T&B-The Caravans
 Catan + S-New World + V-Harbormaster + T&B-The Rivers of Catan + T&B-Traders & Barbarians
 Catan + S-New World + V-Harbormaster + T&B-The Caravans
 Catan + S-New World + V-Harbormaster + T&B-Traders & Barbarians
 Catan + S-New World + T&B-The Fishermen of Catan
 Catan + S-New World + T&B-The Fishermen of Catan + T&B-The Rivers of Catan
 Catan + S-New World + T&B-The Fishermen of Catan + T&B-The Caravans
 Catan + S-New World + T&B-The Fishermen of Catan + T&B-Traders & Barbarians
 Catan + S-New World + T&B-The Rivers of Catan
 Catan + S-New World + T&B-The Rivers of Catan + T&B-The Caravans
 Catan + S-New World + T&B-The Rivers of Catan + T&B-Traders & Barbarians
 Catan + S-New World + T&B-The Caravans
 Catan + S-New World + T&B-Traders & Barbarians
 Catan + S + LOS Ch1
 Catan + S + LOS Ch1 + V-Catan Event Cards
 Catan + S + LOS Ch2
 Catan + S + LOS Ch2 + V-Catan Event Cards
 Catan + S + LOS Ch3
 Catan + S + LOS Ch3 + V-Catan Event Cards
 Catan + S + LOS Ch4
 Catan + S + LOS Ch4 + C&K
 Catan + S + LOS Ch4 + C&K + V-Catan Event Cards
 Catan + S + LOS Ch4 + V-Catan Event Cards
 Catan + S-Heading for New Shores + LOS Spices for Catan Variant
 Catan + S-Heading for New Shores + LOS Spices for Catan Variant + C&K
 Catan + S-Heading for New Shores + LOS Spices for Catan Variant + C&K + V-Catan Event Cards
 Catan + S-Heading for New Shores + LOS Spices for Catan Variant + C&K + V-Catan Event Cards + T&B-The Fishermen of Catan
 Catan + S-Heading for New Shores + LOS Spices for Catan Variant + C&K + V-Catan Event Cards + T&B-The Fishermen of Catan + T&B-The Rivers of Catan
 Catan + S-Heading for New Shores + LOS Spices for Catan Variant + C&K + V-Catan Event Cards + T&B-The Fishermen of Catan + T&B-The Caravans
 Catan + S-Heading for New Shores + LOS Spices for Catan Variant + C&K + V-Catan Event Cards + T&B-The Fishermen of Catan + T&B-Barbarian Attack
 Catan + S-Heading for New Shores + LOS Spices for Catan Variant + C&K + V-Catan Event Cards + T&B-The Fishermen of Catan + T&B-Traders & Barbarians
 Catan + S-Heading for New Shores + LOS Spices for Catan Variant + C&K + V-Catan Event Cards + T&B-The Rivers of Catan
 Catan + S-Heading for New Shores + LOS Spices for Catan Variant + C&K + V-Catan Event Cards + T&B-The Rivers of Catan + T&B-The Caravans
 Catan + S-Heading for New Shores + LOS Spices for Catan Variant + C&K + V-Catan Event Cards + T&B-The Rivers of Catan + T&B-Barbarian Attack
 Catan + S-Heading for New Shores + LOS Spices for Catan Variant + C&K + V-Catan Event Cards + T&B-The Rivers of Catan + T&B-Traders & Barbarians
 Catan + S-Heading for New Shores + LOS Spices for Catan Variant + C&K + V-Catan Event Cards + T&B-The Caravans
 Catan + S-Heading for New Shores + LOS Spices for Catan Variant + C&K + V-Catan Event Cards + T&B-The Caravans + T&B-Barbarian Attack
 Catan + S-Heading for New Shores + LOS Spices for Catan Variant + C&K + V-Catan Event Cards + T&B-Barbarian Attack
 Catan + S-Heading for New Shores + LOS Spices for Catan Variant + C&K + V-Catan Event Cards + T&B-Barbarian Attack + T&B-Traders & Barbarians
 Catan + S-Heading for New Shores + LOS Spices for Catan Variant + C&K + V-Catan Event Cards + T&B-Traders & Barbarians
 Catan + S-Heading for New Shores + LOS Spices for Catan Variant + C&K + T&B-The Fishermen of Catan
 Catan + S-Heading for New Shores + LOS Spices for Catan Variant + C&K + T&B-The Fishermen of Catan + T&B-The Rivers of Catan
 Catan + S-Heading for New Shores + LOS Spices for Catan Variant + C&K + T&B-The Fishermen of Catan + T&B-The Caravans
 Catan + S-Heading for New Shores + LOS Spices for Catan Variant + C&K + T&B-The Fishermen of Catan + T&B-Barbarian Attack
 Catan + S-Heading for New Shores + LOS Spices for Catan Variant + C&K + T&B-The Fishermen of Catan + T&B-Traders & Barbarians
 Catan + S-Heading for New Shores + LOS Spices for Catan Variant + C&K + T&B-The Rivers of Catan
 Catan + S-Heading for New Shores + LOS Spices for Catan Variant + C&K + T&B-The Rivers of Catan + T&B-The Caravans
 Catan + S-Heading for New Shores + LOS Spices for Catan Variant + C&K + T&B-The Rivers of Catan + T&B-Barbarian Attack
 Catan + S-Heading for New Shores + LOS Spices for Catan Variant + C&K + T&B-The Rivers of Catan + T&B-Traders & Barbarians
 Catan + S-Heading for New Shores + LOS Spices for Catan Variant + C&K + T&B-The Caravans
 Catan + S-Heading for New Shores + LOS Spices for Catan Variant + C&K + T&B-The Caravans + T&B-Barbarian Attack
 Catan + S-Heading for New Shores + LOS Spices for Catan Variant + C&K + T&B-Barbarian Attack
 Catan + S-Heading for New Shores + LOS Spices for Catan Variant + C&K + T&B-Barbarian Attack + T&B-Traders & Barbarians
 Catan + S-Heading for New Shores + LOS Spices for Catan Variant + C&K + T&B-Traders & Barbarians
 Catan + S-Heading for New Shores + LOS Spices for Catan Variant + V-The Friendly Robber
 Catan + S-Heading for New Shores + LOS Spices for Catan Variant + V-The Friendly Robber + V-Catan Event Cards
 Catan + S-Heading for New Shores + LOS Spices for Catan Variant + V-The Friendly Robber + V-Catan Event Cards + V-Harbormaster
 Catan + S-Heading for New Shores + LOS Spices for Catan Variant + V-The Friendly Robber + V-Catan Event Cards + V-Harbormaster + T&B-The Fishermen of Catan
 Catan + S-Heading for New Shores + LOS Spices for Catan Variant + V-The Friendly Robber + V-Catan Event Cards + V-Harbormaster + T&B-The Fishermen of Catan + T&B-The Rivers of Catan
 Catan + S-Heading for New Shores + LOS Spices for Catan Variant + V-The Friendly Robber + V-Catan Event Cards + V-Harbormaster + T&B-The Fishermen of Catan + T&B-The Caravans
 Catan + S-Heading for New Shores + LOS Spices for Catan Variant + V-The Friendly Robber + V-Catan Event Cards + V-Harbormaster + T&B-The Rivers of Catan
 Catan + S-Heading for New Shores + LOS Spices for Catan Variant + V-The Friendly Robber + V-Catan Event Cards + V-Harbormaster + T&B-The Rivers of Catan + T&B-The Caravans
 Catan + S-Heading for New Shores + LOS Spices for Catan Variant + V-The Friendly Robber + V-Catan Event Cards + V-Harbormaster + T&B-The Caravans
 Catan + S-Heading for New Shores + LOS Spices for Catan Variant + V-The Friendly Robber + V-Catan Event Cards + T&B-The Fishermen of Catan
 Catan + S-Heading for New Shores + LOS Spices for Catan Variant + V-The Friendly Robber + V-Catan Event Cards + T&B-The Fishermen of Catan + T&B-The Rivers of Catan
 Catan + S-Heading for New Shores + LOS Spices for Catan Variant + V-The Friendly Robber + V-Catan Event Cards + T&B-The Fishermen of Catan + T&B-The Caravans
 Catan + S-Heading for New Shores + LOS Spices for Catan Variant + V-The Friendly Robber + V-Catan Event Cards + T&B-The Rivers of Catan
 Catan + S-Heading for New Shores + LOS Spices for Catan Variant + V-The Friendly Robber + V-Catan Event Cards + T&B-The Rivers of Catan + T&B-The Caravans
 Catan + S-Heading for New Shores + LOS Spices for Catan Variant + V-The Friendly Robber + V-Catan Event Cards + T&B-The Caravans
 Catan + S-Heading for New Shores + LOS Spices for Catan Variant + V-The Friendly Robber + V-Harbormaster
 Catan + S-Heading for New Shores + LOS Spices for Catan Variant + V-The Friendly Robber + V-Harbormaster + T&B-The Fishermen of Catan
 Catan + S-Heading for New Shores + LOS Spices for Catan Variant + V-The Friendly Robber + V-Harbormaster + T&B-The Fishermen of Catan + T&B-The Rivers of Catan
 Catan + S-Heading for New Shores + LOS Spices for Catan Variant + V-The Friendly Robber + V-Harbormaster + T&B-The Fishermen of Catan + T&B-The Caravans
 Catan + S-Heading for New Shores + LOS Spices for Catan Variant + V-The Friendly Robber + V-Harbormaster + T&B-The Rivers of Catan
 Catan + S-Heading for New Shores + LOS Spices for Catan Variant + V-The Friendly Robber + V-Harbormaster + T&B-The Rivers of Catan + T&B-The Caravans
 Catan + S-Heading for New Shores + LOS Spices for Catan Variant + V-The Friendly Robber + V-Harbormaster + T&B-The Caravans
 Catan + S-Heading for New Shores + LOS Spices for Catan Variant + V-The Friendly Robber + T&B-The Fishermen of Catan
 Catan + S-Heading for New Shores + LOS Spices for Catan Variant + V-The Friendly Robber + T&B-The Fishermen of Catan + T&B-The Rivers of Catan
 Catan + S-Heading for New Shores + LOS Spices for Catan Variant + V-The Friendly Robber + T&B-The Fishermen of Catan + T&B-The Caravans
 Catan + S-Heading for New Shores + LOS Spices for Catan Variant + V-The Friendly Robber + T&B-The Rivers of Catan
 Catan + S-Heading for New Shores + LOS Spices for Catan Variant + V-The Friendly Robber + T&B-The Rivers of Catan + T&B-The Caravans
 Catan + S-Heading for New Shores + LOS Spices for Catan Variant + V-The Friendly Robber + T&B-The Caravans
 Catan + S-Heading for New Shores + LOS Spices for Catan Variant + V-Catan Event Cards
 Catan + S-Heading for New Shores + LOS Spices for Catan Variant + V-Catan Event Cards + V-Harbormaster
 Catan + S-Heading for New Shores + LOS Spices for Catan Variant + V-Catan Event Cards + V-Harbormaster + T&B-The Fishermen of Catan
 Catan + S-Heading for New Shores + LOS Spices for Catan Variant + V-Catan Event Cards + V-Harbormaster + T&B-The Fishermen of Catan + T&B-The Rivers of Catan
 Catan + S-Heading for New Shores + LOS Spices for Catan Variant + V-Catan Event Cards + V-Harbormaster + T&B-The Fishermen of Catan + T&B-The Caravans
 Catan + S-Heading for New Shores + LOS Spices for Catan Variant + V-Catan Event Cards + V-Harbormaster + T&B-The Fishermen of Catan + T&B-Barbarian Attack
 Catan + S-Heading for New Shores + LOS Spices for Catan Variant + V-Catan Event Cards + V-Harbormaster + T&B-The Fishermen of Catan + T&B-Traders & Barbarians
 Catan + S-Heading for New Shores + LOS Spices for Catan Variant + V-Catan Event Cards + V-Harbormaster + T&B-The Rivers of Catan
 Catan + S-Heading for New Shores + LOS Spices for Catan Variant + V-Catan Event Cards + V-Harbormaster + T&B-The Rivers of Catan + T&B-The Caravans
 Catan + S-Heading for New Shores + LOS Spices for Catan Variant + V-Catan Event Cards + V-Harbormaster + T&B-The Rivers of Catan + T&B-Barbarian Attack
 Catan + S-Heading for New Shores + LOS Spices for Catan Variant + V-Catan Event Cards + V-Harbormaster + T&B-The Rivers of Catan + T&B-Traders & Barbarians
 Catan + S-Heading for New Shores + LOS Spices for Catan Variant + V-Catan Event Cards + V-Harbormaster + T&B-The Caravans
 Catan + S-Heading for New Shores + LOS Spices for Catan Variant + V-Catan Event Cards + V-Harbormaster + T&B-The Caravans + T&B-Barbarian Attack
 Catan + S-Heading for New Shores + LOS Spices for Catan Variant + V-Catan Event Cards + V-Harbormaster + T&B-Barbarian Attack
 Catan + S-Heading for New Shores + LOS Spices for Catan Variant + V-Catan Event Cards + V-Harbormaster + T&B-Barbarian Attack + T&B-Traders & Barbarians
 Catan + S-Heading for New Shores + LOS Spices for Catan Variant + V-Catan Event Cards + V-Harbormaster + T&B-Traders & Barbarians
 Catan + S-Heading for New Shores + LOS Spices for Catan Variant + V-Catan Event Cards + T&B-The Fishermen of Catan
 Catan + S-Heading for New Shores + LOS Spices for Catan Variant + V-Catan Event Cards + T&B-The Fishermen of Catan + T&B-The Rivers of Catan
 Catan + S-Heading for New Shores + LOS Spices for Catan Variant + V-Catan Event Cards + T&B-The Fishermen of Catan + T&B-The Caravans
 Catan + S-Heading for New Shores + LOS Spices for Catan Variant + V-Catan Event Cards + T&B-The Fishermen of Catan + T&B-Barbarian Attack
 Catan + S-Heading for New Shores + LOS Spices for Catan Variant + V-Catan Event Cards + T&B-The Fishermen of Catan + T&B-Traders & Barbarians
 Catan + S-Heading for New Shores + LOS Spices for Catan Variant + V-Catan Event Cards + T&B-The Rivers of Catan
 Catan + S-Heading for New Shores + LOS Spices for Catan Variant + V-Catan Event Cards + T&B-The Rivers of Catan + T&B-The Caravans
 Catan + S-Heading for New Shores + LOS Spices for Catan Variant + V-Catan Event Cards + T&B-The Rivers of Catan + T&B-Barbarian Attack
 Catan + S-Heading for New Shores + LOS Spices for Catan Variant + V-Catan Event Cards + T&B-The Rivers of Catan + T&B-Traders & Barbarians
 Catan + S-Heading for New Shores + LOS Spices for Catan Variant + V-Catan Event Cards + T&B-The Caravans
 Catan + S-Heading for New Shores + LOS Spices for Catan Variant + V-Catan Event Cards + T&B-The Caravans + T&B-Barbarian Attack
 Catan + S-Heading for New Shores + LOS Spices for Catan Variant + V-Catan Event Cards + T&B-Barbarian Attack
 Catan + S-Heading for New Shores + LOS Spices for Catan Variant + V-Catan Event Cards + T&B-Barbarian Attack + T&B-Traders & Barbarians
 Catan + S-Heading for New Shores + LOS Spices for Catan Variant + V-Catan Event Cards + T&B-Traders & Barbarians
 Catan + S-Heading for New Shores + LOS Spices for Catan Variant + V-Harbormaster
 Catan + S-Heading for New Shores + LOS Spices for Catan Variant + V-Harbormaster + T&B-The Fishermen of Catan
 Catan + S-Heading for New Shores + LOS Spices for Catan Variant + V-Harbormaster + T&B-The Fishermen of Catan + T&B-The Rivers of Catan
 Catan + S-Heading for New Shores + LOS Spices for Catan Variant + V-Harbormaster + T&B-The Fishermen of Catan + T&B-The Caravans
 Catan + S-Heading for New Shores + LOS Spices for Catan Variant + V-Harbormaster + T&B-The Fishermen of Catan + T&B-Barbarian Attack
 Catan + S-Heading for New Shores + LOS Spices for Catan Variant + V-Harbormaster + T&B-The Fishermen of Catan + T&B-Traders & Barbarians
 Catan + S-Heading for New Shores + LOS Spices for Catan Variant + V-Harbormaster + T&B-The Rivers of Catan
 Catan + S-Heading for New Shores + LOS Spices for Catan Variant + V-Harbormaster + T&B-The Rivers of Catan + T&B-The Caravans
 Catan + S-Heading for New Shores + LOS Spices for Catan Variant + V-Harbormaster + T&B-The Rivers of Catan + T&B-Barbarian Attack
 Catan + S-Heading for New Shores + LOS Spices for Catan Variant + V-Harbormaster + T&B-The Rivers of Catan + T&B-Traders & Barbarians
 Catan + S-Heading for New Shores + LOS Spices for Catan Variant + V-Harbormaster + T&B-The Caravans
 Catan + S-Heading for New Shores + LOS Spices for Catan Variant + V-Harbormaster + T&B-The Caravans + T&B-Barbarian Attack
 Catan + S-Heading for New Shores + LOS Spices for Catan Variant + V-Harbormaster + T&B-Barbarian Attack
 Catan + S-Heading for New Shores + LOS Spices for Catan Variant + V-Harbormaster + T&B-Barbarian Attack + T&B-Traders & Barbarians
 Catan + S-Heading for New Shores + LOS Spices for Catan Variant + V-Harbormaster + T&B-Traders & Barbarians
 Catan + S-Heading for New Shores + LOS Spices for Catan Variant + T&B-The Fishermen of Catan
 Catan + S-Heading for New Shores + LOS Spices for Catan Variant + T&B-The Fishermen of Catan + T&B-The Rivers of Catan
 Catan + S-Heading for New Shores + LOS Spices for Catan Variant + T&B-The Fishermen of Catan + T&B-The Caravans
 Catan + S-Heading for New Shores + LOS Spices for Catan Variant + T&B-The Fishermen of Catan + T&B-Barbarian Attack
 Catan + S-Heading for New Shores + LOS Spices for Catan Variant + T&B-The Fishermen of Catan + T&B-Traders & Barbarians
 Catan + S-Heading for New Shores + LOS Spices for Catan Variant + T&B-The Rivers of Catan
 Catan + S-Heading for New Shores + LOS Spices for Catan Variant + T&B-The Rivers of Catan + T&B-The Caravans
 Catan + S-Heading for New Shores + LOS Spices for Catan Variant + T&B-The Rivers of Catan + T&B-Barbarian Attack
 Catan + S-Heading for New Shores + LOS Spices for Catan Variant + T&B-The Rivers of Catan + T&B-Traders & Barbarians
 Catan + S-Heading for New Shores + LOS Spices for Catan Variant + T&B-The Caravans
 Catan + S-Heading for New Shores + LOS Spices for Catan Variant + T&B-The Caravans + T&B-Barbarian Attack
 Catan + S-Heading for New Shores + LOS Spices for Catan Variant + T&B-Barbarian Attack
 Catan + S-Heading for New Shores + LOS Spices for Catan Variant + T&B-Barbarian Attack + T&B-Traders & Barbarians
 Catan + S-Heading for New Shores + LOS Spices for Catan Variant + T&B-Traders & Barbarians
 Catan + S-The Fog Island + LOS Spices for Catan Variant
 Catan + S-The Fog Island + LOS Spices for Catan Variant + C&K
 Catan + S-The Fog Island + LOS Spices for Catan Variant + C&K + V-Catan Event Cards
 Catan + S-The Fog Island + LOS Spices for Catan Variant + C&K + V-Catan Event Cards + T&B-The Fishermen of Catan
 Catan + S-The Fog Island + LOS Spices for Catan Variant + C&K + V-Catan Event Cards + T&B-The Fishermen of Catan + T&B-The Rivers of Catan
 Catan + S-The Fog Island + LOS Spices for Catan Variant + C&K + V-Catan Event Cards + T&B-The Rivers of Catan
 Catan + S-The Fog Island + LOS Spices for Catan Variant + C&K + T&B-The Fishermen of Catan
 Catan + S-The Fog Island + LOS Spices for Catan Variant + C&K + T&B-The Fishermen of Catan + T&B-The Rivers of Catan
 Catan + S-The Fog Island + LOS Spices for Catan Variant + C&K + T&B-The Rivers of Catan
 Catan + S-The Fog Island + LOS Spices for Catan Variant + V-The Friendly Robber
 Catan + S-The Fog Island + LOS Spices for Catan Variant + V-The Friendly Robber + V-Catan Event Cards
 Catan + S-The Fog Island + LOS Spices for Catan Variant + V-The Friendly Robber + V-Catan Event Cards + V-Harbormaster
 Catan + S-The Fog Island + LOS Spices for Catan Variant + V-The Friendly Robber + V-Catan Event Cards + V-Harbormaster + T&B-The Fishermen of Catan
 Catan + S-The Fog Island + LOS Spices for Catan Variant + V-The Friendly Robber + V-Catan Event Cards + V-Harbormaster + T&B-The Fishermen of Catan + T&B-The Rivers of Catan
 Catan + S-The Fog Island + LOS Spices for Catan Variant + V-The Friendly Robber + V-Catan Event Cards + V-Harbormaster + T&B-The Rivers of Catan
 Catan + S-The Fog Island + LOS Spices for Catan Variant + V-The Friendly Robber + V-Catan Event Cards + T&B-The Fishermen of Catan
 Catan + S-The Fog Island + LOS Spices for Catan Variant + V-The Friendly Robber + V-Catan Event Cards + T&B-The Fishermen of Catan + T&B-The Rivers of Catan
 Catan + S-The Fog Island + LOS Spices for Catan Variant + V-The Friendly Robber + V-Catan Event Cards + T&B-The Rivers of Catan
 Catan + S-The Fog Island + LOS Spices for Catan Variant + V-The Friendly Robber + V-Harbormaster
 Catan + S-The Fog Island + LOS Spices for Catan Variant + V-The Friendly Robber + V-Harbormaster + T&B-The Fishermen of Catan
 Catan + S-The Fog Island + LOS Spices for Catan Variant + V-The Friendly Robber + V-Harbormaster + T&B-The Fishermen of Catan + T&B-The Rivers of Catan
 Catan + S-The Fog Island + LOS Spices for Catan Variant + V-The Friendly Robber + V-Harbormaster + T&B-The Rivers of Catan
 Catan + S-The Fog Island + LOS Spices for Catan Variant + V-The Friendly Robber + T&B-The Fishermen of Catan
 Catan + S-The Fog Island + LOS Spices for Catan Variant + V-The Friendly Robber + T&B-The Fishermen of Catan + T&B-The Rivers of Catan
 Catan + S-The Fog Island + LOS Spices for Catan Variant + V-The Friendly Robber + T&B-The Rivers of Catan
 Catan + S-The Fog Island + LOS Spices for Catan Variant + V-Catan Event Cards
 Catan + S-The Fog Island + LOS Spices for Catan Variant + V-Catan Event Cards + V-Harbormaster
 Catan + S-The Fog Island + LOS Spices for Catan Variant + V-Catan Event Cards + V-Harbormaster + T&B-The Fishermen of Catan
 Catan + S-The Fog Island + LOS Spices for Catan Variant + V-Catan Event Cards + V-Harbormaster + T&B-The Fishermen of Catan + T&B-The Rivers of Catan
 Catan + S-The Fog Island + LOS Spices for Catan Variant + V-Catan Event Cards + V-Harbormaster + T&B-The Rivers of Catan
 Catan + S-The Fog Island + LOS Spices for Catan Variant + V-Catan Event Cards + T&B-The Fishermen of Catan
 Catan + S-The Fog Island + LOS Spices for Catan Variant + V-Catan Event Cards + T&B-The Fishermen of Catan + T&B-The Rivers of Catan
 Catan + S-The Fog Island + LOS Spices for Catan Variant + V-Catan Event Cards + T&B-The Rivers of Catan
 Catan + S-The Fog Island + LOS Spices for Catan Variant + V-Harbormaster
 Catan + S-The Fog Island + LOS Spices for Catan Variant + V-Harbormaster + T&B-The Fishermen of Catan
 Catan + S-The Fog Island + LOS Spices for Catan Variant + V-Harbormaster + T&B-The Fishermen of Catan + T&B-The Rivers of Catan
 Catan + S-The Fog Island + LOS Spices for Catan Variant + V-Harbormaster + T&B-The Rivers of Catan
 Catan + S-The Fog Island + LOS Spices for Catan Variant + T&B-The Fishermen of Catan
 Catan + S-The Fog Island + LOS Spices for Catan Variant + T&B-The Fishermen of Catan + T&B-The Rivers of Catan
 Catan + S-The Fog Island + LOS Spices for Catan Variant + T&B-The Rivers of Catan
 Catan + S + LOS Ch1 + C&K (HARD)
 Catan + S + LOS Ch1 + C&K (HARD) + V-Catan Event Cards
 Catan + S + LOS Ch2 + C&K (HARD)
 Catan + S + LOS Ch2 + C&K (HARD) + V-Catan Event Cards
 Catan + S + LOS Ch3 + C&K (HARD, but still well playable)
 Catan + S + LOS Ch3 + C&K (HARD, but still well playable) + V-Catan Event Cards
 Catan + C&K
 Catan + C&K + V-Catan Event Cards
 Catan + C&K + V-Catan Event Cards + T&B-The Fishermen of Catan
 Catan + C&K + V-Catan Event Cards + T&B-The Fishermen of Catan + T&B-The Rivers of Catan
 Catan + C&K + V-Catan Event Cards + T&B-The Fishermen of Catan + T&B-The Caravans
 Catan + C&K + V-Catan Event Cards + T&B-The Fishermen of Catan + T&B-Barbarian Attack
 Catan + C&K + V-Catan Event Cards + T&B-The Fishermen of Catan + T&B-Traders & Barbarians
 Catan + C&K + V-Catan Event Cards + T&B-The Rivers of Catan
 Catan + C&K + V-Catan Event Cards + T&B-The Rivers of Catan + T&B-The Caravans
 Catan + C&K + V-Catan Event Cards + T&B-The Rivers of Catan + T&B-Barbarian Attack
 Catan + C&K + V-Catan Event Cards + T&B-The Rivers of Catan + T&B-Traders & Barbarians
 Catan + C&K + V-Catan Event Cards + T&B-The Caravans
 Catan + C&K + V-Catan Event Cards + T&B-The Caravans + T&B-Barbarian Attack
 Catan + C&K + V-Catan Event Cards + T&B-Barbarian Attack
 Catan + C&K + V-Catan Event Cards + T&B-Barbarian Attack + T&B-Traders & Barbarians
 Catan + C&K + V-Catan Event Cards + T&B-Traders & Barbarians
 Catan + C&K + T&B-The Fishermen of Catan
 Catan + C&K + T&B-The Fishermen of Catan + T&B-The Rivers of Catan
 Catan + C&K + T&B-The Fishermen of Catan + T&B-The Caravans
 Catan + C&K + T&B-The Fishermen of Catan + T&B-Barbarian Attack
 Catan + C&K + T&B-The Fishermen of Catan + T&B-Traders & Barbarians
 Catan + C&K + T&B-The Rivers of Catan
 Catan + C&K + T&B-The Rivers of Catan + T&B-The Caravans
 Catan + C&K + T&B-The Rivers of Catan + T&B-Barbarian Attack
 Catan + C&K + T&B-The Rivers of Catan + T&B-Traders & Barbarians
 Catan + C&K + T&B-The Caravans
 Catan + C&K + T&B-The Caravans + T&B-Barbarian Attack
 Catan + C&K + T&B-Barbarian Attack
 Catan + C&K + T&B-Barbarian Attack + T&B-Traders & Barbarians
 Catan + C&K + T&B-Traders & Barbarians
 Catan + T&B Ultimate (EXTREME)
 Catan + T&B Ultimate (EXTREME) + V-The Friendly Robber
 Catan + T&B Ultimate (EXTREME) + V-The Friendly Robber + V-Catan Event Cards
 Catan + T&B Ultimate (EXTREME) + V-The Friendly Robber + V-Catan Event Cards + V-Harbormaster
 Catan + T&B Ultimate (EXTREME) + V-The Friendly Robber + V-Harbormaster
 Catan + T&B Ultimate (EXTREME) + V-Catan Event Cards
 Catan + T&B Ultimate (EXTREME) + V-Catan Event Cards + V-Harbormaster
 Catan + T&B Ultimate (EXTREME) + V-Harbormaster
 Catan + V-The Friendly Robber
 Catan + V-The Friendly Robber + V-Catan Event Cards
 Catan + V-The Friendly Robber + V-Catan Event Cards + V-Harbormaster
 Catan + V-The Friendly Robber + V-Catan Event Cards + V-Harbormaster + T&B-The Fishermen of Catan
 Catan + V-The Friendly Robber + V-Catan Event Cards + V-Harbormaster + T&B-The Fishermen of Catan + T&B-The Rivers of Catan
 Catan + V-The Friendly Robber + V-Catan Event Cards + V-Harbormaster + T&B-The Fishermen of Catan + T&B-The Caravans
 Catan + V-The Friendly Robber + V-Catan Event Cards + V-Harbormaster + T&B-The Rivers of Catan
 Catan + V-The Friendly Robber + V-Catan Event Cards + V-Harbormaster + T&B-The Rivers of Catan + T&B-The Caravans
 Catan + V-The Friendly Robber + V-Catan Event Cards + V-Harbormaster + T&B-The Caravans
 Catan + V-The Friendly Robber + V-Catan Event Cards + T&B-The Fishermen of Catan
 Catan + V-The Friendly Robber + V-Catan Event Cards + T&B-The Fishermen of Catan + T&B-The Rivers of Catan
 Catan + V-The Friendly Robber + V-Catan Event Cards + T&B-The Fishermen of Catan + T&B-The Caravans
 Catan + V-The Friendly Robber + V-Catan Event Cards + T&B-The Rivers of Catan
 Catan + V-The Friendly Robber + V-Catan Event Cards + T&B-The Rivers of Catan + T&B-The Caravans
 Catan + V-The Friendly Robber + V-Catan Event Cards + T&B-The Caravans
 Catan + V-The Friendly Robber + V-Harbormaster
 Catan + V-The Friendly Robber + V-Harbormaster + T&B-The Fishermen of Catan
 Catan + V-The Friendly Robber + V-Harbormaster + T&B-The Fishermen of Catan + T&B-The Rivers of Catan
 Catan + V-The Friendly Robber + V-Harbormaster + T&B-The Fishermen of Catan + T&B-The Caravans
 Catan + V-The Friendly Robber + V-Harbormaster + T&B-The Rivers of Catan
 Catan + V-The Friendly Robber + V-Harbormaster + T&B-The Rivers of Catan + T&B-The Caravans
 Catan + V-The Friendly Robber + V-Harbormaster + T&B-The Caravans
 Catan + V-The Friendly Robber + T&B-The Fishermen of Catan
 Catan + V-The Friendly Robber + T&B-The Fishermen of Catan + T&B-The Rivers of Catan
 Catan + V-The Friendly Robber + T&B-The Fishermen of Catan + T&B-The Caravans
 Catan + V-The Friendly Robber + T&B-The Rivers of Catan
 Catan + V-The Friendly Robber + T&B-The Rivers of Catan + T&B-The Caravans
 Catan + V-The Friendly Robber + T&B-The Caravans
 Catan + V-Catan Event Cards
 Catan + V-Catan Event Cards + V-Harbormaster
 Catan + V-Catan Event Cards + V-Harbormaster + T&B-The Fishermen of Catan
 Catan + V-Catan Event Cards + V-Harbormaster + T&B-The Fishermen of Catan + T&B-The Rivers of Catan
 Catan + V-Catan Event Cards + V-Harbormaster + T&B-The Fishermen of Catan + T&B-The Caravans
 Catan + V-Catan Event Cards + V-Harbormaster + T&B-The Fishermen of Catan + T&B-Barbarian Attack
 Catan + V-Catan Event Cards + V-Harbormaster + T&B-The Fishermen of Catan + T&B-Traders & Barbarians
 Catan + V-Catan Event Cards + V-Harbormaster + T&B-The Rivers of Catan
 Catan + V-Catan Event Cards + V-Harbormaster + T&B-The Rivers of Catan + T&B-The Caravans
 Catan + V-Catan Event Cards + V-Harbormaster + T&B-The Rivers of Catan + T&B-Barbarian Attack
 Catan + V-Catan Event Cards + V-Harbormaster + T&B-The Rivers of Catan + T&B-Traders & Barbarians
 Catan + V-Catan Event Cards + V-Harbormaster + T&B-The Caravans
 Catan + V-Catan Event Cards + V-Harbormaster + T&B-The Caravans + T&B-Barbarian Attack
 Catan + V-Catan Event Cards + V-Harbormaster + T&B-Barbarian Attack
 Catan + V-Catan Event Cards + V-Harbormaster + T&B-Barbarian Attack + T&B-Traders & Barbarians
 Catan + V-Catan Event Cards + V-Harbormaster + T&B-Traders & Barbarians
 Catan + V-Catan Event Cards + T&B-The Fishermen of Catan
 Catan + V-Catan Event Cards + T&B-The Fishermen of Catan + T&B-The Rivers of Catan
 Catan + V-Catan Event Cards + T&B-The Fishermen of Catan + T&B-The Caravans
 Catan + V-Catan Event Cards + T&B-The Fishermen of Catan + T&B-Barbarian Attack
 Catan + V-Catan Event Cards + T&B-The Fishermen of Catan + T&B-Traders & Barbarians
 Catan + V-Catan Event Cards + T&B-The Rivers of Catan
 Catan + V-Catan Event Cards + T&B-The Rivers of Catan + T&B-The Caravans
 Catan + V-Catan Event Cards + T&B-The Rivers of Catan + T&B-Barbarian Attack
 Catan + V-Catan Event Cards + T&B-The Rivers of Catan + T&B-Traders & Barbarians
 Catan + V-Catan Event Cards + T&B-The Caravans
 Catan + V-Catan Event Cards + T&B-The Caravans + T&B-Barbarian Attack
 Catan + V-Catan Event Cards + T&B-Barbarian Attack
 Catan + V-Catan Event Cards + T&B-Barbarian Attack + T&B-Traders & Barbarians
 Catan + V-Catan Event Cards + T&B-Traders & Barbarians
 Catan + V-Harbormaster
 Catan + V-Harbormaster + T&B-The Fishermen of Catan
 Catan + V-Harbormaster + T&B-The Fishermen of Catan + T&B-The Rivers of Catan
 Catan + V-Harbormaster + T&B-The Fishermen of Catan + T&B-The Caravans
 Catan + V-Harbormaster + T&B-The Fishermen of Catan + T&B-Barbarian Attack
 Catan + V-Harbormaster + T&B-The Fishermen of Catan + T&B-Traders & Barbarians
 Catan + V-Harbormaster + T&B-The Rivers of Catan
 Catan + V-Harbormaster + T&B-The Rivers of Catan + T&B-The Caravans
 Catan + V-Harbormaster + T&B-The Rivers of Catan + T&B-Barbarian Attack
 Catan + V-Harbormaster + T&B-The Rivers of Catan + T&B-Traders & Barbarians
 Catan + V-Harbormaster + T&B-The Caravans
 Catan + V-Harbormaster + T&B-The Caravans + T&B-Barbarian Attack
 Catan + V-Harbormaster + T&B-Barbarian Attack
 Catan + V-Harbormaster + T&B-Barbarian Attack + T&B-Traders & Barbarians
 Catan + V-Harbormaster + T&B-Traders & Barbarians
 Catan + T&B-The Fishermen of Catan
 Catan + T&B-The Fishermen of Catan + T&B-The Rivers of Catan
 Catan + T&B-The Fishermen of Catan + T&B-The Caravans
 Catan + T&B-The Fishermen of Catan + T&B-Barbarian Attack
 Catan + T&B-The Fishermen of Catan + T&B-Traders & Barbarians
 Catan + T&B-The Rivers of Catan
 Catan + T&B-The Rivers of Catan + T&B-The Caravans
 Catan + T&B-The Rivers of Catan + T&B-Barbarian Attack
 Catan + T&B-The Rivers of Catan + T&B-Traders & Barbarians
 Catan + T&B-The Caravans
 Catan + T&B-The Caravans + T&B-Barbarian Attack
 Catan + T&B-Barbarian Attack
 Catan + T&B-Barbarian Attack + T&B-Traders & Barbarians
 Catan + T&B-Traders & Barbarians
