1 
1 2 
1 2 20 
1 2 20 23 
1 2 20 23 25 
1 2 20 23 25 26 
1 2 20 23 25 27 
1 2 20 23 25 28 
1 2 20 23 25 29 
1 2 20 23 26 
1 2 20 23 26 27 
1 2 20 23 26 28 
1 2 20 23 26 29 
1 2 20 23 27 
1 2 20 23 27 28 
1 2 20 23 28 
1 2 20 23 28 29 
1 2 20 23 29 
1 2 20 25 
1 2 20 25 26 
1 2 20 25 27 
1 2 20 25 28 
1 2 20 25 29 
1 2 20 26 
1 2 20 26 27 
1 2 20 26 28 
1 2 20 26 29 
1 2 20 27 
1 2 20 27 28 
1 2 20 28 
1 2 20 28 29 
1 2 20 29 
1 2 22 
1 2 22 23 
1 2 22 23 24 
1 2 22 23 24 25 
1 2 22 23 24 25 26 
1 2 22 23 24 25 27 
1 2 22 23 24 26 
1 2 22 23 24 26 27 
1 2 22 23 24 27 
1 2 22 23 25 
1 2 22 23 25 26 
1 2 22 23 25 27 
1 2 22 23 26 
1 2 22 23 26 27 
1 2 22 23 27 
1 2 22 24 
1 2 22 24 25 
1 2 22 24 25 26 
1 2 22 24 25 27 
1 2 22 24 26 
1 2 22 24 26 27 
1 2 22 24 27 
1 2 22 25 
1 2 22 25 26 
1 2 22 25 27 
1 2 22 26 
1 2 22 26 27 
1 2 22 27 
1 2 23 
1 2 23 24 
1 2 23 24 25 
1 2 23 24 25 26 
1 2 23 24 25 27 
1 2 23 24 25 28 
1 2 23 24 25 29 
1 2 23 24 26 
1 2 23 24 26 27 
1 2 23 24 26 28 
1 2 23 24 26 29 
1 2 23 24 27 
1 2 23 24 27 28 
1 2 23 24 28 
1 2 23 24 28 29 
1 2 23 24 29 
1 2 23 25 
1 2 23 25 26 
1 2 23 25 27 
1 2 23 25 28 
1 2 23 25 29 
1 2 23 26 
1 2 23 26 27 
1 2 23 26 28 
1 2 23 26 29 
1 2 23 27 
1 2 23 27 28 
1 2 23 28 
1 2 23 28 29 
1 2 23 29 
1 2 24 
1 2 24 25 
1 2 24 25 26 
1 2 24 25 27 
1 2 24 25 28 
1 2 24 25 29 
1 2 24 26 
1 2 24 26 27 
1 2 24 26 28 
1 2 24 26 29 
1 2 24 27 
1 2 24 27 28 
1 2 24 28 
1 2 24 28 29 
1 2 24 29 
1 2 25 
1 2 25 26 
1 2 25 27 
1 2 25 28 
1 2 25 29 
1 2 26 
1 2 26 27 
1 2 26 28 
1 2 26 29 
1 2 27 
1 2 27 28 
1 2 28 
1 2 28 29 
1 2 29 
1 3 
1 3 20 
1 3 20 23 
1 3 20 23 25 
1 3 20 23 25 27 
1 3 20 23 27 
1 3 20 25 
1 3 20 25 27 
1 3 20 27 
1 3 22 
1 3 22 23 
1 3 22 23 24 
1 3 22 23 24 25 
1 3 22 23 24 25 27 
1 3 22 23 24 27 
1 3 22 23 25 
1 3 22 23 25 27 
1 3 22 23 27 
1 3 22 24 
1 3 22 24 25 
1 3 22 24 25 27 
1 3 22 24 27 
1 3 22 25 
1 3 22 25 27 
1 3 22 27 
1 3 23 
1 3 23 24 
1 3 23 24 25 
1 3 23 24 25 27 
1 3 23 24 27 
1 3 23 25 
1 3 23 25 27 
1 3 23 27 
1 3 24 
1 3 24 25 
1 3 24 25 27 
1 3 24 27 
1 3 25 
1 3 25 27 
1 3 27 
1 4 
1 4 20 
1 4 20 23 
1 4 20 23 25 
1 4 20 23 25 26 
1 4 20 23 26 
1 4 20 25 
1 4 20 25 26 
1 4 20 26 
1 4 22 
1 4 22 23 
1 4 22 23 24 
1 4 22 23 24 25 
1 4 22 23 24 25 26 
1 4 22 23 24 26 
1 4 22 23 25 
1 4 22 23 25 26 
1 4 22 23 26 
1 4 22 24 
1 4 22 24 25 
1 4 22 24 25 26 
1 4 22 24 26 
1 4 22 25 
1 4 22 25 26 
1 4 22 26 
1 4 23 
1 4 23 24 
1 4 23 24 25 
1 4 23 24 25 26 
1 4 23 24 26 
1 4 23 25 
1 4 23 25 26 
1 4 23 26 
1 4 24 
1 4 24 25 
1 4 24 25 26 
1 4 24 26 
1 4 25 
1 4 25 26 
1 4 26 
1 5 
1 5 20 
1 5 20 23 
1 5 20 23 25 
1 5 20 23 25 26 
1 5 20 23 25 27 
1 5 20 23 25 28 
1 5 20 23 25 29 
1 5 20 23 26 
1 5 20 23 26 27 
1 5 20 23 26 28 
1 5 20 23 26 29 
1 5 20 23 27 
1 5 20 23 27 28 
1 5 20 23 28 
1 5 20 23 28 29 
1 5 20 23 29 
1 5 20 25 
1 5 20 25 26 
1 5 20 25 27 
1 5 20 25 28 
1 5 20 25 29 
1 5 20 26 
1 5 20 26 27 
1 5 20 26 28 
1 5 20 26 29 
1 5 20 27 
1 5 20 27 28 
1 5 20 28 
1 5 20 28 29 
1 5 20 29 
1 5 22 
1 5 22 23 
1 5 22 23 24 
1 5 22 23 24 25 
1 5 22 23 24 25 26 
1 5 22 23 24 25 27 
1 5 22 23 24 26 
1 5 22 23 24 26 27 
1 5 22 23 24 27 
1 5 22 23 25 
1 5 22 23 25 26 
1 5 22 23 25 27 
1 5 22 23 26 
1 5 22 23 26 27 
1 5 22 23 27 
1 5 22 24 
1 5 22 24 25 
1 5 22 24 25 26 
1 5 22 24 25 27 
1 5 22 24 26 
1 5 22 24 26 27 
1 5 22 24 27 
1 5 22 25 
1 5 22 25 26 
1 5 22 25 27 
1 5 22 26 
1 5 22 26 27 
1 5 22 27 
1 5 23 
1 5 23 24 
1 5 23 24 25 
1 5 23 24 25 26 
1 5 23 24 25 27 
1 5 23 24 25 28 
1 5 23 24 25 29 
1 5 23 24 26 
1 5 23 24 26 27 
1 5 23 24 26 28 
1 5 23 24 26 29 
1 5 23 24 27 
1 5 23 24 27 28 
1 5 23 24 28 
1 5 23 24 28 29 
1 5 23 24 29 
1 5 23 25 
1 5 23 25 26 
1 5 23 25 27 
1 5 23 25 28 
1 5 23 25 29 
1 5 23 26 
1 5 23 26 27 
1 5 23 26 28 
1 5 23 26 29 
1 5 23 27 
1 5 23 27 28 
1 5 23 28 
1 5 23 28 29 
1 5 23 29 
1 5 24 
1 5 24 25 
1 5 24 25 26 
1 5 24 25 27 
1 5 24 25 28 
1 5 24 25 29 
1 5 24 26 
1 5 24 26 27 
1 5 24 26 28 
1 5 24 26 29 
1 5 24 27 
1 5 24 27 28 
1 5 24 28 
1 5 24 28 29 
1 5 24 29 
1 5 25 
1 5 25 26 
1 5 25 27 
1 5 25 28 
1 5 25 29 
1 5 26 
1 5 26 27 
1 5 26 28 
1 5 26 29 
1 5 27 
1 5 27 28 
1 5 28 
1 5 28 29 
1 5 29 
1 6 
1 6 20 
1 6 20 23 
1 6 20 23 25 
1 6 20 23 25 26 
1 6 20 23 25 27 
1 6 20 23 25 28 
1 6 20 23 26 
1 6 20 23 26 27 
1 6 20 23 26 28 
1 6 20 23 27 
1 6 20 23 27 28 
1 6 20 23 28 
1 6 20 25 
1 6 20 25 26 
1 6 20 25 27 
1 6 20 25 28 
1 6 20 26 
1 6 20 26 27 
1 6 20 26 28 
1 6 20 27 
1 6 20 27 28 
1 6 20 28 
1 6 22 
1 6 22 23 
1 6 22 23 24 
1 6 22 23 24 25 
1 6 22 23 24 25 26 
1 6 22 23 24 25 27 
1 6 22 23 24 26 
1 6 22 23 24 26 27 
1 6 22 23 24 27 
1 6 22 23 25 
1 6 22 23 25 26 
1 6 22 23 25 27 
1 6 22 23 26 
1 6 22 23 26 27 
1 6 22 23 27 
1 6 22 24 
1 6 22 24 25 
1 6 22 24 25 26 
1 6 22 24 25 27 
1 6 22 24 26 
1 6 22 24 26 27 
1 6 22 24 27 
1 6 22 25 
1 6 22 25 26 
1 6 22 25 27 
1 6 22 26 
1 6 22 26 27 
1 6 22 27 
1 6 23 
1 6 23 24 
1 6 23 24 25 
1 6 23 24 25 26 
1 6 23 24 25 27 
1 6 23 24 25 28 
1 6 23 24 26 
1 6 23 24 26 27 
1 6 23 24 26 28 
1 6 23 24 27 
1 6 23 24 27 28 
1 6 23 24 28 
1 6 23 25 
1 6 23 25 26 
1 6 23 25 27 
1 6 23 25 28 
1 6 23 26 
1 6 23 26 27 
1 6 23 26 28 
1 6 23 27 
1 6 23 27 28 
1 6 23 28 
1 6 24 
1 6 24 25 
1 6 24 25 26 
1 6 24 25 27 
1 6 24 25 28 
1 6 24 26 
1 6 24 26 27 
1 6 24 26 28 
1 6 24 27 
1 6 24 27 28 
1 6 24 28 
1 6 25 
1 6 25 26 
1 6 25 27 
1 6 25 28 
1 6 26 
1 6 26 27 
1 6 26 28 
1 6 27 
1 6 27 28 
1 6 28 
1 7 
1 7 20 
1 7 20 23 
1 7 20 23 25 
1 7 20 25 
1 7 22 
1 7 22 23 
1 7 22 23 24 
1 7 22 23 24 25 
1 7 22 23 25 
1 7 22 24 
1 7 22 24 25 
1 7 22 25 
1 7 23 
1 7 23 24 
1 7 23 24 25 
1 7 23 25 
1 7 24 
1 7 24 25 
1 7 25 
1 8 
1 8 20 
1 8 20 23 
1 8 20 23 28 
1 8 20 28 
1 8 23 
1 8 23 24 
1 8 23 24 28 
1 8 23 28 
1 8 24 
1 8 24 28 
1 8 28 
1 9 
1 9 20 
1 9 20 23 
1 9 20 23 25 
1 9 20 23 25 28 
1 9 20 23 25 29 
1 9 20 23 28 
1 9 20 23 28 29 
1 9 20 23 29 
1 9 20 25 
1 9 20 25 28 
1 9 20 25 29 
1 9 20 28 
1 9 20 28 29 
1 9 20 29 
1 9 22 
1 9 22 23 
1 9 22 23 24 
1 9 22 23 24 25 
1 9 22 23 25 
1 9 22 24 
1 9 22 24 25 
1 9 22 25 
1 9 23 
1 9 23 24 
1 9 23 24 25 
1 9 23 24 25 28 
1 9 23 24 25 29 
1 9 23 24 28 
1 9 23 24 28 29 
1 9 23 24 29 
1 9 23 25 
1 9 23 25 28 
1 9 23 25 29 
1 9 23 28 
1 9 23 28 29 
1 9 23 29 
1 9 24 
1 9 24 25 
1 9 24 25 28 
1 9 24 25 29 
1 9 24 28 
1 9 24 28 29 
1 9 24 29 
1 9 25 
1 9 25 28 
1 9 25 29 
1 9 28 
1 9 28 29 
1 9 29 
1 10 
1 10 20 
1 10 20 23 
1 10 20 23 25 
1 10 20 23 25 26 
1 10 20 23 25 27 
1 10 20 23 25 29 
1 10 20 23 26 
1 10 20 23 26 27 
1 10 20 23 26 29 
1 10 20 23 27 
1 10 20 23 29 
1 10 20 25 
1 10 20 25 26 
1 10 20 25 27 
1 10 20 25 29 
1 10 20 26 
1 10 20 26 27 
1 10 20 26 29 
1 10 20 27 
1 10 20 29 
1 10 22 
1 10 22 23 
1 10 22 23 24 
1 10 22 23 24 25 
1 10 22 23 24 25 26 
1 10 22 23 24 25 27 
1 10 22 23 24 26 
1 10 22 23 24 26 27 
1 10 22 23 24 27 
1 10 22 23 25 
1 10 22 23 25 26 
1 10 22 23 25 27 
1 10 22 23 26 
1 10 22 23 26 27 
1 10 22 23 27 
1 10 22 24 
1 10 22 24 25 
1 10 22 24 25 26 
1 10 22 24 25 27 
1 10 22 24 26 
1 10 22 24 26 27 
1 10 22 24 27 
1 10 22 25 
1 10 22 25 26 
1 10 22 25 27 
1 10 22 26 
1 10 22 26 27 
1 10 22 27 
1 10 23 
1 10 23 24 
1 10 23 24 25 
1 10 23 24 25 26 
1 10 23 24 25 27 
1 10 23 24 25 29 
1 10 23 24 26 
1 10 23 24 26 27 
1 10 23 24 26 29 
1 10 23 24 27 
1 10 23 24 29 
1 10 23 25 
1 10 23 25 26 
1 10 23 25 27 
1 10 23 25 29 
1 10 23 26 
1 10 23 26 27 
1 10 23 26 29 
1 10 23 27 
1 10 23 29 
1 10 24 
1 10 24 25 
1 10 24 25 26 
1 10 24 25 27 
1 10 24 25 29 
1 10 24 26 
1 10 24 26 27 
1 10 24 26 29 
1 10 24 27 
1 10 24 29 
1 10 25 
1 10 25 26 
1 10 25 27 
1 10 25 29 
1 10 26 
1 10 26 27 
1 10 26 29 
1 10 27 
1 10 29 
1 11 
1 11 23 
1 12 
1 12 23 
1 13 
1 13 23 
1 14 
1 14 20 
1 14 20 23 
1 14 23 
1 15 
1 15 20 
1 15 20 23 
1 15 20 23 25 
1 15 20 23 25 26 
1 15 20 23 25 27 
1 15 20 23 25 28 
1 15 20 23 25 29 
1 15 20 23 26 
1 15 20 23 26 27 
1 15 20 23 26 28 
1 15 20 23 26 29 
1 15 20 23 27 
1 15 20 23 27 28 
1 15 20 23 28 
1 15 20 23 28 29 
1 15 20 23 29 
1 15 20 25 
1 15 20 25 26 
1 15 20 25 27 
1 15 20 25 28 
1 15 20 25 29 
1 15 20 26 
1 15 20 26 27 
1 15 20 26 28 
1 15 20 26 29 
1 15 20 27 
1 15 20 27 28 
1 15 20 28 
1 15 20 28 29 
1 15 20 29 
1 15 22 
1 15 22 23 
1 15 22 23 24 
1 15 22 23 24 25 
1 15 22 23 24 25 26 
1 15 22 23 24 25 27 
1 15 22 23 24 26 
1 15 22 23 24 26 27 
1 15 22 23 24 27 
1 15 22 23 25 
1 15 22 23 25 26 
1 15 22 23 25 27 
1 15 22 23 26 
1 15 22 23 26 27 
1 15 22 23 27 
1 15 22 24 
1 15 22 24 25 
1 15 22 24 25 26 
1 15 22 24 25 27 
1 15 22 24 26 
1 15 22 24 26 27 
1 15 22 24 27 
1 15 22 25 
1 15 22 25 26 
1 15 22 25 27 
1 15 22 26 
1 15 22 26 27 
1 15 22 27 
1 15 23 
1 15 23 24 
1 15 23 24 25 
1 15 23 24 25 26 
1 15 23 24 25 27 
1 15 23 24 25 28 
1 15 23 24 25 29 
1 15 23 24 26 
1 15 23 24 26 27 
1 15 23 24 26 28 
1 15 23 24 26 29 
1 15 23 24 27 
1 15 23 24 27 28 
1 15 23 24 28 
1 15 23 24 28 29 
1 15 23 24 29 
1 15 23 25 
1 15 23 25 26 
1 15 23 25 27 
1 15 23 25 28 
1 15 23 25 29 
1 15 23 26 
1 15 23 26 27 
1 15 23 26 28 
1 15 23 26 29 
1 15 23 27 
1 15 23 27 28 
1 15 23 28 
1 15 23 28 29 
1 15 23 29 
1 15 24 
1 15 24 25 
1 15 24 25 26 
1 15 24 25 27 
1 15 24 25 28 
1 15 24 25 29 
1 15 24 26 
1 15 24 26 27 
1 15 24 26 28 
1 15 24 26 29 
1 15 24 27 
1 15 24 27 28 
1 15 24 28 
1 15 24 28 29 
1 15 24 29 
1 15 25 
1 15 25 26 
1 15 25 27 
1 15 25 28 
1 15 25 29 
1 15 26 
1 15 26 27 
1 15 26 28 
1 15 26 29 
1 15 27 
1 15 27 28 
1 15 28 
1 15 28 29 
1 15 29 
1 16 
1 16 20 
1 16 20 23 
1 16 20 23 25 
1 16 20 23 25 26 
1 16 20 23 26 
1 16 20 25 
1 16 20 25 26 
1 16 20 26 
1 16 22 
1 16 22 23 
1 16 22 23 24 
1 16 22 23 24 25 
1 16 22 23 24 25 26 
1 16 22 23 24 26 
1 16 22 23 25 
1 16 22 23 25 26 
1 16 22 23 26 
1 16 22 24 
1 16 22 24 25 
1 16 22 24 25 26 
1 16 22 24 26 
1 16 22 25 
1 16 22 25 26 
1 16 22 26 
1 16 23 
1 16 23 24 
1 16 23 24 25 
1 16 23 24 25 26 
1 16 23 24 26 
1 16 23 25 
1 16 23 25 26 
1 16 23 26 
1 16 24 
1 16 24 25 
1 16 24 25 26 
1 16 24 26 
1 16 25 
1 16 25 26 
1 16 26 
1 17 
1 17 23 
1 18 
1 18 23 
1 19 
1 19 23 
1 20 
1 20 23 
1 20 23 25 
1 20 23 25 26 
1 20 23 25 27 
1 20 23 25 28 
1 20 23 25 29 
1 20 23 26 
1 20 23 26 27 
1 20 23 26 28 
1 20 23 26 29 
1 20 23 27 
1 20 23 27 28 
1 20 23 28 
1 20 23 28 29 
1 20 23 29 
1 20 25 
1 20 25 26 
1 20 25 27 
1 20 25 28 
1 20 25 29 
1 20 26 
1 20 26 27 
1 20 26 28 
1 20 26 29 
1 20 27 
1 20 27 28 
1 20 28 
1 20 28 29 
1 20 29 
1 21 
1 21 22 
1 21 22 23 
1 21 22 23 24 
1 21 22 24 
1 21 23 
1 21 23 24 
1 21 24 
1 22 
1 22 23 
1 22 23 24 
1 22 23 24 25 
1 22 23 24 25 26 
1 22 23 24 25 27 
1 22 23 24 26 
1 22 23 24 26 27 
1 22 23 24 27 
1 22 23 25 
1 22 23 25 26 
1 22 23 25 27 
1 22 23 26 
1 22 23 26 27 
1 22 23 27 
1 22 24 
1 22 24 25 
1 22 24 25 26 
1 22 24 25 27 
1 22 24 26 
1 22 24 26 27 
1 22 24 27 
1 22 25 
1 22 25 26 
1 22 25 27 
1 22 26 
1 22 26 27 
1 22 27 
1 23 
1 23 24 
1 23 24 25 
1 23 24 25 26 
1 23 24 25 27 
1 23 24 25 28 
1 23 24 25 29 
1 23 24 26 
1 23 24 26 27 
1 23 24 26 28 
1 23 24 26 29 
1 23 24 27 
1 23 24 27 28 
1 23 24 28 
1 23 24 28 29 
1 23 24 29 
1 23 25 
1 23 25 26 
1 23 25 27 
1 23 25 28 
1 23 25 29 
1 23 26 
1 23 26 27 
1 23 26 28 
1 23 26 29 
1 23 27 
1 23 27 28 
1 23 28 
1 23 28 29 
1 23 29 
1 24 
1 24 25 
1 24 25 26 
1 24 25 27 
1 24 25 28 
1 24 25 29 
1 24 26 
1 24 26 27 
1 24 26 28 
1 24 26 29 
1 24 27 
1 24 27 28 
1 24 28 
1 24 28 29 
1 24 29 
1 25 
1 25 26 
1 25 27 
1 25 28 
1 25 29 
1 26 
1 26 27 
1 26 28 
1 26 29 
1 27 
1 27 28 
1 28 
1 28 29 
1 29 
